Log file open, 11/24/23 13:29:19
LogWindows: Failed to load 'aqProf.dll' (GetLastError=126)
LogWindows: File 'aqProf.dll' does not exist
LogWindows: Failed to load 'VtuneApi.dll' (GetLastError=126)
LogWindows: File 'VtuneApi.dll' does not exist
LogWindows: Failed to load 'VtuneApi32e.dll' (GetLastError=126)
LogWindows: File 'VtuneApi32e.dll' does not exist
LogConsoleResponse: Display: Failed to find resolution value strings in scalability ini. Falling back to default.
LogConsoleResponse: Display: Failed to find resolution value strings in scalability ini. Falling back to default.
LogInit: Display: Running engine for game: BlackHole
LogPlatformFile: Not using cached read wrapper
LogTaskGraph: Started task graph with 5 named threads and 20 total threads with 3 sets of task threads.
LogStats: Stats thread started at 0.397275
LogICUInternationalization: ICU TimeZone Detection - Raw Offset: +2:00, Platform Override: ''
LogInit: Display: Loading text-based GConfig....
LogPluginManager: Mounting plugin MeshPainting
LogPluginManager: Mounting plugin XGEController
LogPluginManager: Mounting plugin Paper2D
LogPluginManager: Mounting plugin AISupport
LogPluginManager: Mounting plugin EnvironmentQueryEditor
LogPluginManager: Mounting plugin LiveLink
LogPluginManager: Mounting plugin CameraShakePreviewer
LogPluginManager: Mounting plugin OodleData
LogPluginManager: Mounting plugin OodleNetwork
LogPluginManager: Mounting plugin GameplayCameras
LogPluginManager: Mounting plugin AssetManagerEditor
LogPluginManager: Mounting plugin CryptoKeys
LogPluginManager: Mounting plugin CurveEditorTools
LogPluginManager: Mounting plugin DataValidation
LogPluginManager: Mounting plugin FacialAnimation
LogPluginManager: Mounting plugin GameplayTagsEditor
LogPluginManager: Mounting plugin GeometryMode
LogPluginManager: Mounting plugin MacGraphicsSwitching
LogPluginManager: Mounting plugin MaterialAnalyzer
LogPluginManager: Mounting plugin MobileLauncherProfileWizard
LogPluginManager: Mounting plugin PluginBrowser
LogPluginManager: Mounting plugin SpeedTreeImporter
LogPluginManager: Mounting plugin AnimationSharing
LogPluginManager: Mounting plugin CLionSourceCodeAccess
LogPluginManager: Mounting plugin GitSourceControl
LogPluginManager: Mounting plugin AlembicImporter
LogPluginManager: Mounting plugin PerforceSourceControl
LogPluginManager: Mounting plugin KDevelopSourceCodeAccess
LogPluginManager: Mounting plugin PixWinPlugin
LogPluginManager: Mounting plugin CodeLiteSourceCodeAccess
LogPluginManager: Mounting plugin NullSourceCodeAccess
LogPluginManager: Mounting plugin PlasticSourceControl
LogPluginManager: Mounting plugin AutomationUtils
LogPluginManager: Mounting plugin PluginUtils
LogPluginManager: Mounting plugin BackChannel
LogPluginManager: Mounting plugin PropertyAccessNode
LogPluginManager: Mounting plugin ChaosCloth
LogPluginManager: Mounting plugin ChaosClothEditor
LogPluginManager: Mounting plugin ChaosEditor
LogPluginManager: Mounting plugin ChaosNiagara
LogPluginManager: Mounting plugin ChaosSolverPlugin
LogPluginManager: Mounting plugin CharacterAI
LogPluginManager: Mounting plugin RiderSourceCodeAccess
LogPluginManager: Mounting plugin SubversionSourceControl
LogPluginManager: Mounting plugin TextureFormatOodle
LogPluginManager: Mounting plugin UObjectPlugin
LogPluginManager: Mounting plugin VisualStudioSourceCodeAccess
LogPluginManager: Mounting plugin VisualStudioCodeSourceCodeAccess
LogPluginManager: Mounting plugin GeometryCache
LogPluginManager: Mounting plugin GeometryCollectionPlugin
LogPluginManager: Mounting plugin GeometryProcessing
LogPluginManager: Mounting plugin XCodeSourceCodeAccess
LogPluginManager: Mounting plugin MotoSynth
LogPluginManager: Mounting plugin OpenImageDenoise
LogPluginManager: Mounting plugin PlanarCut
LogPluginManager: Mounting plugin PlatformCrypto
LogPluginManager: Mounting plugin ProxyLODPlugin
LogPluginManager: Mounting plugin PythonScriptPlugin
LogPluginManager: Mounting plugin SkeletalReduction
LogPluginManager: Mounting plugin Niagara
LogPluginManager: Mounting plugin LuminPlatformFeatures
LogPluginManager: Mounting plugin MagicLeap
LogPluginManager: Mounting plugin MagicLeapLightEstimation
LogPluginManager: Mounting plugin MagicLeapMedia
LogPluginManager: Mounting plugin MagicLeapPassableWorld
LogPluginManager: Mounting plugin MLSDK
LogPluginManager: Mounting plugin AndroidMedia
LogPluginManager: Mounting plugin AvfMedia
LogPluginManager: Mounting plugin ImgMedia
LogPluginManager: Mounting plugin MediaCompositing
LogPluginManager: Mounting plugin MediaPlayerEditor
LogPluginManager: Mounting plugin WebMMedia
LogPluginManager: Mounting plugin WmfMedia
LogPluginManager: Mounting plugin DatasmithContent
LogPluginManager: Mounting plugin VariantManagerContent
LogPluginManager: Mounting plugin TcpMessaging
LogPluginManager: Mounting plugin UdpMessaging
LogPluginManager: Mounting plugin ActorSequence
LogPluginManager: Mounting plugin MatineeToLevelSequence
LogPluginManager: Mounting plugin LevelSequenceEditor
LogPluginManager: Mounting plugin TemplateSequence
LogPluginManager: Mounting plugin OnlineSubsystem
LogPluginManager: Mounting plugin OnlineSubsystemNull
LogPluginManager: Mounting plugin OnlineSubsystemUtils
LogPluginManager: Mounting plugin LauncherChunkInstaller
LogPluginManager: Mounting plugin ActorLayerUtilities
LogPluginManager: Mounting plugin AndroidDeviceProfileSelector
LogPluginManager: Mounting plugin AndroidMoviePlayer
LogPluginManager: Mounting plugin AndroidPermission
LogPluginManager: Mounting plugin AppleImageUtils
LogPluginManager: Mounting plugin AppleMoviePlayer
LogPluginManager: Mounting plugin ArchVisCharacter
LogPluginManager: Mounting plugin AssetTags
LogPluginManager: Mounting plugin AudioCapture
LogPluginManager: Mounting plugin AudioSynesthesia
LogPluginManager: Mounting plugin CableComponent
LogPluginManager: Mounting plugin ChunkDownloader
LogPluginManager: Mounting plugin CustomMeshComponent
LogPluginManager: Mounting plugin EditableMesh
LogPluginManager: Mounting plugin ExampleDeviceProfileSelector
LogPluginManager: Mounting plugin GoogleCloudMessaging
LogPluginManager: Mounting plugin GooglePAD
LogPluginManager: Mounting plugin IOSDeviceProfileSelector
LogPluginManager: Mounting plugin LinuxDeviceProfileSelector
LogPluginManager: Mounting plugin LocationServicesBPLibrary
LogPluginManager: Mounting plugin MobilePatchingUtils
LogPluginManager: Mounting plugin OpenXR
LogPluginManager: Mounting plugin OpenXREyeTracker
LogPluginManager: Mounting plugin OpenXRHandTracking
LogPluginManager: Mounting plugin PostSplashScreen
LogPluginManager: Mounting plugin PhysXVehicles
LogPluginManager: Mounting plugin ProceduralMeshComponent
LogPluginManager: Mounting plugin PropertyAccessEditor
LogPluginManager: Mounting plugin RuntimePhysXCooking
LogPluginManager: Mounting plugin SoundFields
LogPluginManager: Mounting plugin SignificanceManager
LogPluginManager: Mounting plugin Synthesis
LogPluginManager: Mounting plugin WebMMoviePlayer
LogPluginManager: Mounting plugin WindowsMoviePlayer
LogPluginManager: Mounting plugin ScreenshotTools
LogPluginManager: Mounting plugin Takes
LogPluginManager: Mounting plugin LightPropagationVolume
LogPluginManager: Mounting plugin ContentBrowserAssetDataSource
LogPluginManager: Mounting plugin ContentBrowserClassDataSource
LogPluginManager: Mounting plugin ContentBrowserFileDataSource
LogPluginManager: Mounting plugin OnlineSubsystemGooglePlay
LogPluginManager: Mounting plugin OnlineSubsystemIOS
LogPluginManager: Mounting plugin OculusVR
LogPluginManager: Mounting plugin SteamVR
PixWinPlugin: PIX capture plugin failed to initialize! Check that the process is launched from PIX.
LogInit: Using libcurl 7.55.1-DEV
LogInit:  - built for x86_64-pc-win32
LogInit:  - supports SSL with OpenSSL/1.1.1
LogInit:  - supports HTTP deflate (compression) using libz 1.2.8
LogInit:  - other features:
LogInit:      CURL_VERSION_SSL
LogInit:      CURL_VERSION_LIBZ
LogInit:      CURL_VERSION_IPV6
LogInit:      CURL_VERSION_ASYNCHDNS
LogInit:      CURL_VERSION_LARGEFILE
LogInit:      CURL_VERSION_IDN
LogInit:  CurlRequestOptions (configurable via config and command line):
LogInit:  - bVerifyPeer = true  - Libcurl will verify peer certificate
LogInit:  - bUseHttpProxy = false  - Libcurl will NOT use HTTP proxy
LogInit:  - bDontReuseConnections = false  - Libcurl will reuse connections
LogInit:  - MaxHostConnections = 16  - Libcurl will limit the number of connections to a host
LogInit:  - LocalHostAddr = Default
LogInit:  - BufferSize = 65536
LogOnline: OSS: Creating online subsystem instance for: NULL
LogInit: WinSock: version 1.1 (2.2), MaxSocks=32767, MaxUdp=65467
LogOnline: OSS: TryLoadSubsystemAndSetDefault: Loaded subsystem for module [NULL]
LogOculusPluginWrapper: OculusPlugin initialized successfully
LogHMD: Failed initializing OVRPlugin 1.59.0
LogInit: Build: ++UE4+Release-4.27-CL-18319896
LogInit: Engine Version: 4.27.2-18319896+++UE4+Release-4.27
LogInit: Compatible Engine Version: 4.27.0-17155196+++UE4+Release-4.27
LogInit: Net CL: 17155196
LogInit: OS: Windows 10 (Release 2009) (), CPU: AMD Ryzen 5 4500U with Radeon Graphics         , GPU: AMD Radeon(TM) Graphics
LogInit: Compiled (64-bit): Nov 30 2021 07:12:08
LogInit: Compiled with Visual C++: 19.24.28315.00
LogInit: Build Configuration: Development
LogInit: Branch Name: ++UE4+Release-4.27
LogInit: Command Line:  /Game/Maps/MainMenuMap -game -PIEVIACONSOLE -Multiprocess GameUserSettingsINI=C:/Users/Вова/Desktop/BlackHole/Saved/Config/Windows/PIEGameUserSettings0.ini -MultiprocessSaveConfig -forcepassthrough -messaging -SessionName="Play in Standalone Game" -windowed -WinX=320 -WinY=180 SAVEWINPOS=1 -ResX=1286 -ResY=744
LogInit: Base Directory: C:/Program Files/Epic Games/UE_4.27/Engine/Binaries/Win64/
LogInit: Allocator: TBB
LogInit: Installed Engine Build: 1
LogDevObjectVersion: Number of dev versions registered: 29
LogDevObjectVersion:   Dev-Blueprints (B0D832E4-1F89-4F0D-ACCF-7EB736FD4AA2): 10
LogDevObjectVersion:   Dev-Build (E1C64328-A22C-4D53-A36C-8E866417BD8C): 0
LogDevObjectVersion:   Dev-Core (375EC13C-06E4-48FB-B500-84F0262A717E): 4
LogDevObjectVersion:   Dev-Editor (E4B068ED-F494-42E9-A231-DA0B2E46BB41): 40
LogDevObjectVersion:   Dev-Framework (CFFC743F-43B0-4480-9391-14DF171D2073): 37
LogDevObjectVersion:   Dev-Mobile (B02B49B5-BB20-44E9-A304-32B752E40360): 3
LogDevObjectVersion:   Dev-Networking (A4E4105C-59A1-49B5-A7C5-40C4547EDFEE): 0
LogDevObjectVersion:   Dev-Online (39C831C9-5AE6-47DC-9A44-9C173E1C8E7C): 0
LogDevObjectVersion:   Dev-Physics (78F01B33-EBEA-4F98-B9B4-84EACCB95AA2): 14
LogDevObjectVersion:   Dev-Platform (6631380F-2D4D-43E0-8009-CF276956A95A): 0
LogDevObjectVersion:   Dev-Rendering (12F88B9F-8875-4AFC-A67C-D90C383ABD29): 45
LogDevObjectVersion:   Dev-Sequencer (7B5AE74C-D270-4C10-A958-57980B212A5A): 13
LogDevObjectVersion:   Dev-VR (D7296918-1DD6-4BDD-9DE2-64A83CC13884): 3
LogDevObjectVersion:   Dev-LoadTimes (C2A15278-BFE7-4AFE-6C17-90FF531DF755): 1
LogDevObjectVersion:   Private-Geometry (6EACA3D4-40EC-4CC1-B786-8BED09428FC5): 3
LogDevObjectVersion:   Dev-AnimPhys (29E575DD-E0A3-4627-9D10-D276232CDCEA): 17
LogDevObjectVersion:   Dev-Anim (AF43A65D-7FD3-4947-9873-3E8ED9C1BB05): 15
LogDevObjectVersion:   Dev-ReflectionCapture (6B266CEC-1EC7-4B8F-A30B-E4D90942FC07): 1
LogDevObjectVersion:   Dev-Automation (0DF73D61-A23F-47EA-B727-89E90C41499A): 1
LogDevObjectVersion:   FortniteMain (601D1886-AC64-4F84-AA16-D3DE0DEAC7D6): 47
LogDevObjectVersion:   FortniteRelease (E7086368-6B23-4C58-8439-1B7016265E91): 1
LogDevObjectVersion:   Dev-Enterprise (9DFFBCD6-494F-0158-E221-12823C92A888): 10
LogDevObjectVersion:   Dev-Niagara (F2AED0AC-9AFE-416F-8664-AA7FFA26D6FC): 1
LogDevObjectVersion:   Dev-Destruction (174F1F0B-B4C6-45A5-B13F-2EE8D0FB917D): 10
LogDevObjectVersion:   Dev-Physics-Ext (35F94A83-E258-406C-A318-09F59610247C): 41
LogDevObjectVersion:   Dev-PhysicsMaterial-Chaos (B68FC16E-8B1B-42E2-B453-215C058844FE): 1
LogDevObjectVersion:   Dev-CineCamera (B2E18506-4273-CFC2-A54E-F4BB758BBA07): 1
LogDevObjectVersion:   Dev-VirtualProduction (64F58936-FD1B-42BA-BA96-7289D5D0FA4E): 1
LogDevObjectVersion:   Dev-MediaFramework (6F0ED827-A609-4895-9C91-998D90180EA4): 2
LogInit: Presizing for max 25165824 objects, including 0 objects not considered by GC, pre-allocating 0 bytes for permanent pool.
LogConfig: Applying CVar settings from Section [/Script/Engine.StreamingSettings] File [C:/Users/Вова/Desktop/BlackHole/Saved/Config/Windows/Engine.ini]
LogConfig: Setting CVar [[s.MinBulkDataSizeForAsyncLoading:131072]]
LogConfig: Setting CVar [[s.AsyncLoadingThreadEnabled:0]]
LogConfig: Setting CVar [[s.EventDrivenLoaderEnabled:1]]
LogConfig: Setting CVar [[s.WarnIfTimeLimitExceeded:0]]
LogConfig: Setting CVar [[s.TimeLimitExceededMultiplier:1.5]]
LogConfig: Setting CVar [[s.TimeLimitExceededMinTime:0.005]]
LogConfig: Setting CVar [[s.UseBackgroundLevelStreaming:1]]
LogConfig: Setting CVar [[s.PriorityAsyncLoadingExtraTime:15.0]]
LogConfig: Setting CVar [[s.LevelStreamingActorsUpdateTimeLimit:5.0]]
LogConfig: Setting CVar [[s.PriorityLevelStreamingActorsUpdateExtraTime:5.0]]
LogConfig: Setting CVar [[s.LevelStreamingComponentsRegistrationGranularity:10]]
LogConfig: Setting CVar [[s.UnregisterComponentsTimeLimit:1.0]]
LogConfig: Setting CVar [[s.LevelStreamingComponentsUnregistrationGranularity:5]]
LogConfig: Setting CVar [[s.FlushStreamingOnExit:1]]
LogInit: Object subsystem initialized
LogConfig: Setting CVar [[con.DebugEarlyDefault:1]]
LogConfig: Setting CVar [[r.setres:1280x720]]
[2023.11.24-11.29.19:858][  0]LogConfig: Setting CVar [[con.DebugEarlyDefault:1]]
[2023.11.24-11.29.19:858][  0]LogConfig: Setting CVar [[r.setres:1280x720]]
[2023.11.24-11.29.19:859][  0]LogConfig: Applying CVar settings from Section [/Script/Engine.RendererSettings] File [C:/Users/Вова/Desktop/BlackHole/Saved/Config/Windows/Engine.ini]
[2023.11.24-11.29.19:859][  0]LogConfig: Setting CVar [[r.GPUCrashDebugging:0]]
[2023.11.24-11.29.19:859][  0]LogConfig: Applying CVar settings from Section [/Script/Engine.RendererOverrideSettings] File [C:/Users/Вова/Desktop/BlackHole/Saved/Config/Windows/Engine.ini]
[2023.11.24-11.29.19:859][  0]LogConfig: Applying CVar settings from Section [/Script/Engine.StreamingSettings] File [C:/Users/Вова/Desktop/BlackHole/Saved/Config/Windows/Engine.ini]
[2023.11.24-11.29.19:859][  0]LogConfig: Setting CVar [[s.MinBulkDataSizeForAsyncLoading:131072]]
[2023.11.24-11.29.19:859][  0]LogConfig: Setting CVar [[s.AsyncLoadingThreadEnabled:0]]
[2023.11.24-11.29.19:859][  0]LogConfig: Setting CVar [[s.EventDrivenLoaderEnabled:1]]
[2023.11.24-11.29.19:859][  0]LogConfig: Setting CVar [[s.WarnIfTimeLimitExceeded:0]]
[2023.11.24-11.29.19:859][  0]LogConfig: Setting CVar [[s.TimeLimitExceededMultiplier:1.5]]
[2023.11.24-11.29.19:859][  0]LogConfig: Setting CVar [[s.TimeLimitExceededMinTime:0.005]]
[2023.11.24-11.29.19:859][  0]LogConfig: Setting CVar [[s.UseBackgroundLevelStreaming:1]]
[2023.11.24-11.29.19:859][  0]LogConfig: Setting CVar [[s.PriorityAsyncLoadingExtraTime:15.0]]
[2023.11.24-11.29.19:859][  0]LogConfig: Setting CVar [[s.LevelStreamingActorsUpdateTimeLimit:5.0]]
[2023.11.24-11.29.19:859][  0]LogConfig: Setting CVar [[s.PriorityLevelStreamingActorsUpdateExtraTime:5.0]]
[2023.11.24-11.29.19:859][  0]LogConfig: Setting CVar [[s.LevelStreamingComponentsRegistrationGranularity:10]]
[2023.11.24-11.29.19:859][  0]LogConfig: Setting CVar [[s.UnregisterComponentsTimeLimit:1.0]]
[2023.11.24-11.29.19:859][  0]LogConfig: Setting CVar [[s.LevelStreamingComponentsUnregistrationGranularity:5]]
[2023.11.24-11.29.19:859][  0]LogConfig: Setting CVar [[s.FlushStreamingOnExit:1]]
[2023.11.24-11.29.19:859][  0]LogConfig: Applying CVar settings from Section [/Script/Engine.GarbageCollectionSettings] File [C:/Users/Вова/Desktop/BlackHole/Saved/Config/Windows/Engine.ini]
[2023.11.24-11.29.19:859][  0]LogConfig: Setting CVar [[gc.MaxObjectsNotConsideredByGC:1]]
[2023.11.24-11.29.19:859][  0]LogConfig: Setting CVar [[gc.SizeOfPermanentObjectPool:0]]
[2023.11.24-11.29.19:859][  0]LogConfig: Setting CVar [[gc.FlushStreamingOnGC:0]]
[2023.11.24-11.29.19:859][  0]LogConfig: Setting CVar [[gc.NumRetriesBeforeForcingGC:10]]
[2023.11.24-11.29.19:859][  0]LogConfig: Setting CVar [[gc.AllowParallelGC:1]]
[2023.11.24-11.29.19:859][  0]LogConfig: Setting CVar [[gc.TimeBetweenPurgingPendingKillObjects:61.1]]
[2023.11.24-11.29.19:859][  0]LogConfig: Setting CVar [[gc.MaxObjectsInEditor:25165824]]
[2023.11.24-11.29.19:859][  0]LogConfig: Setting CVar [[gc.IncrementalBeginDestroyEnabled:1]]
[2023.11.24-11.29.19:859][  0]LogConfig: Setting CVar [[gc.CreateGCClusters:1]]
[2023.11.24-11.29.19:859][  0]LogConfig: Setting CVar [[gc.MinGCClusterSize:5]]
[2023.11.24-11.29.19:859][  0]LogConfig: Setting CVar [[gc.ActorClusteringEnabled:0]]
[2023.11.24-11.29.19:859][  0]LogConfig: Setting CVar [[gc.BlueprintClusteringEnabled:0]]
[2023.11.24-11.29.19:859][  0]LogConfig: Setting CVar [[gc.UseDisregardForGCOnDedicatedServers:0]]
[2023.11.24-11.29.19:859][  0]LogConfig: Setting CVar [[gc.MultithreadedDestructionEnabled:1]]
[2023.11.24-11.29.19:859][  0]LogConfig: Applying CVar settings from Section [/Script/Engine.NetworkSettings] File [C:/Users/Вова/Desktop/BlackHole/Saved/Config/Windows/Engine.ini]
[2023.11.24-11.29.19:859][  0]LogConfig: Applying CVar settings from Section [/Script/UnrealEd.CookerSettings] File [C:/Users/Вова/Desktop/BlackHole/Saved/Config/Windows/Engine.ini]
[2023.11.24-11.29.19:864][  0]LogConfig: Applying CVar settings from Section [ViewDistanceQuality@3] File [C:/Users/Вова/Desktop/BlackHole/Saved/Config/Windows/Scalability.ini]
[2023.11.24-11.29.19:864][  0]LogConfig: Setting CVar [[r.SkeletalMeshLODBias:0]]
[2023.11.24-11.29.19:864][  0]LogConfig: Setting CVar [[r.ViewDistanceScale:1.0]]
[2023.11.24-11.29.19:864][  0]LogConfig: Applying CVar settings from Section [AntiAliasingQuality@3] File [C:/Users/Вова/Desktop/BlackHole/Saved/Config/Windows/Scalability.ini]
[2023.11.24-11.29.19:864][  0]LogConfig: Setting CVar [[r.PostProcessAAQuality:4]]
[2023.11.24-11.29.19:864][  0]LogConfig: Applying CVar settings from Section [ShadowQuality@3] File [C:/Users/Вова/Desktop/BlackHole/Saved/Config/Windows/Scalability.ini]
[2023.11.24-11.29.19:864][  0]LogConfig: Setting CVar [[r.LightFunctionQuality:1]]
[2023.11.24-11.29.19:864][  0]LogConfig: Setting CVar [[r.ShadowQuality:5]]
[2023.11.24-11.29.19:864][  0]LogConfig: Setting CVar [[r.Shadow.CSM.MaxCascades:10]]
[2023.11.24-11.29.19:864][  0]LogConfig: Setting CVar [[r.Shadow.MaxResolution:2048]]
[2023.11.24-11.29.19:864][  0]LogConfig: Setting CVar [[r.Shadow.MaxCSMResolution:2048]]
[2023.11.24-11.29.19:864][  0]LogConfig: Setting CVar [[r.Shadow.RadiusThreshold:0.01]]
[2023.11.24-11.29.19:864][  0]LogConfig: Setting CVar [[r.Shadow.DistanceScale:1.0]]
[2023.11.24-11.29.19:864][  0]LogConfig: Setting CVar [[r.Shadow.CSM.TransitionScale:1.0]]
[2023.11.24-11.29.19:864][  0]LogConfig: Setting CVar [[r.Shadow.PreShadowResolutionFactor:1.0]]
[2023.11.24-11.29.19:864][  0]LogConfig: Setting CVar [[r.DistanceFieldShadowing:1]]
[2023.11.24-11.29.19:864][  0]LogConfig: Setting CVar [[r.DistanceFieldAO:1]]
[2023.11.24-11.29.19:864][  0]LogConfig: Setting CVar [[r.AOQuality:2]]
[2023.11.24-11.29.19:864][  0]LogConfig: Setting CVar [[r.VolumetricFog:1]]
[2023.11.24-11.29.19:864][  0]LogConfig: Setting CVar [[r.VolumetricFog.GridPixelSize:8]]
[2023.11.24-11.29.19:864][  0]LogConfig: Setting CVar [[r.VolumetricFog.GridSizeZ:128]]
[2023.11.24-11.29.19:864][  0]LogConfig: Setting CVar [[r.VolumetricFog.HistoryMissSupersampleCount:4]]
[2023.11.24-11.29.19:864][  0]LogConfig: Setting CVar [[r.LightMaxDrawDistanceScale:1]]
[2023.11.24-11.29.19:864][  0]LogConfig: Setting CVar [[r.CapsuleShadows:1]]
[2023.11.24-11.29.19:864][  0]LogConfig: Applying CVar settings from Section [PostProcessQuality@3] File [C:/Users/Вова/Desktop/BlackHole/Saved/Config/Windows/Scalability.ini]
[2023.11.24-11.29.19:864][  0]LogConfig: Setting CVar [[r.MotionBlurQuality:4]]
[2023.11.24-11.29.19:864][  0]LogConfig: Setting CVar [[r.AmbientOcclusionMipLevelFactor:0.4]]
[2023.11.24-11.29.19:864][  0]LogConfig: Setting CVar [[r.AmbientOcclusionMaxQuality:100]]
[2023.11.24-11.29.19:864][  0]LogConfig: Setting CVar [[r.AmbientOcclusionLevels:-1]]
[2023.11.24-11.29.19:864][  0]LogConfig: Setting CVar [[r.AmbientOcclusionRadiusScale:1.0]]
[2023.11.24-11.29.19:864][  0]LogConfig: Setting CVar [[r.DepthOfFieldQuality:2]]
[2023.11.24-11.29.19:864][  0]LogConfig: Setting CVar [[r.RenderTargetPoolMin:400]]
[2023.11.24-11.29.19:864][  0]LogConfig: Setting CVar [[r.LensFlareQuality:2]]
[2023.11.24-11.29.19:864][  0]LogConfig: Setting CVar [[r.SceneColorFringeQuality:1]]
[2023.11.24-11.29.19:864][  0]LogConfig: Setting CVar [[r.EyeAdaptationQuality:2]]
[2023.11.24-11.29.19:864][  0]LogConfig: Setting CVar [[r.BloomQuality:5]]
[2023.11.24-11.29.19:864][  0]LogConfig: Setting CVar [[r.FastBlurThreshold:100]]
[2023.11.24-11.29.19:864][  0]LogConfig: Setting CVar [[r.Upscale.Quality:3]]
[2023.11.24-11.29.19:864][  0]LogConfig: Setting CVar [[r.Tonemapper.GrainQuantization:1]]
[2023.11.24-11.29.19:864][  0]LogConfig: Setting CVar [[r.LightShaftQuality:1]]
[2023.11.24-11.29.19:864][  0]LogConfig: Setting CVar [[r.Filter.SizeScale:1]]
[2023.11.24-11.29.19:864][  0]LogConfig: Setting CVar [[r.Tonemapper.Quality:5]]
[2023.11.24-11.29.19:864][  0]LogConfig: Setting CVar [[r.DOF.Gather.AccumulatorQuality:1        ; higher gathering accumulator quality]]
[2023.11.24-11.29.19:864][  0]LogConfig: Setting CVar [[r.DOF.Gather.PostfilterMethod:1          ; Median3x3 postfilering method]]
[2023.11.24-11.29.19:864][  0]LogConfig: Setting CVar [[r.DOF.Gather.EnableBokehSettings:0       ; no bokeh simulation when gathering]]
[2023.11.24-11.29.19:864][  0]LogConfig: Setting CVar [[r.DOF.Gather.RingCount:4                 ; medium number of samples when gathering]]
[2023.11.24-11.29.19:864][  0]LogConfig: Setting CVar [[r.DOF.Scatter.ForegroundCompositing:1    ; additive foreground scattering]]
[2023.11.24-11.29.19:864][  0]LogConfig: Setting CVar [[r.DOF.Scatter.BackgroundCompositing:2    ; additive background scattering]]
[2023.11.24-11.29.19:864][  0]LogConfig: Setting CVar [[r.DOF.Scatter.EnableBokehSettings:1      ; bokeh simulation when scattering]]
[2023.11.24-11.29.19:864][  0]LogConfig: Setting CVar [[r.DOF.Scatter.MaxSpriteRatio:0.1         ; only a maximum of 10% of scattered bokeh]]
[2023.11.24-11.29.19:864][  0]LogConfig: Setting CVar [[r.DOF.Recombine.Quality:1                ; cheap slight out of focus]]
[2023.11.24-11.29.19:865][  0]LogConfig: Setting CVar [[r.DOF.Recombine.EnableBokehSettings:0    ; no bokeh simulation on slight out of focus]]
[2023.11.24-11.29.19:865][  0]LogConfig: Setting CVar [[r.DOF.TemporalAAQuality:1                ; more stable temporal accumulation]]
[2023.11.24-11.29.19:865][  0]LogConfig: Setting CVar [[r.DOF.Kernel.MaxForegroundRadius:0.025]]
[2023.11.24-11.29.19:865][  0]LogConfig: Setting CVar [[r.DOF.Kernel.MaxBackgroundRadius:0.025]]
[2023.11.24-11.29.19:865][  0]LogConfig: Applying CVar settings from Section [TextureQuality@3] File [C:/Users/Вова/Desktop/BlackHole/Saved/Config/Windows/Scalability.ini]
[2023.11.24-11.29.19:865][  0]LogConfig: Setting CVar [[r.Streaming.MipBias:0]]
[2023.11.24-11.29.19:865][  0]LogConfig: Setting CVar [[r.Streaming.AmortizeCPUToGPUCopy:0]]
[2023.11.24-11.29.19:865][  0]LogConfig: Setting CVar [[r.Streaming.MaxNumTexturesToStreamPerFrame:0]]
[2023.11.24-11.29.19:865][  0]LogConfig: Setting CVar [[r.Streaming.Boost:1]]
[2023.11.24-11.29.19:865][  0]LogConfig: Setting CVar [[r.MaxAnisotropy:8]]
[2023.11.24-11.29.19:865][  0]LogConfig: Setting CVar [[r.VT.MaxAnisotropy:8]]
[2023.11.24-11.29.19:865][  0]LogConfig: Setting CVar [[r.Streaming.LimitPoolSizeToVRAM:0]]
[2023.11.24-11.29.19:865][  0]LogConfig: Setting CVar [[r.Streaming.PoolSize:1000]]
[2023.11.24-11.29.19:865][  0]LogConfig: Setting CVar [[r.Streaming.MaxEffectiveScreenSize:0]]
[2023.11.24-11.29.19:865][  0]LogConfig: Applying CVar settings from Section [EffectsQuality@3] File [C:/Users/Вова/Desktop/BlackHole/Saved/Config/Windows/Scalability.ini]
[2023.11.24-11.29.19:865][  0]LogConfig: Setting CVar [[r.TranslucencyLightingVolumeDim:64]]
[2023.11.24-11.29.19:865][  0]LogConfig: Setting CVar [[r.RefractionQuality:2]]
[2023.11.24-11.29.19:865][  0]LogConfig: Setting CVar [[r.SSR.Quality:3]]
[2023.11.24-11.29.19:865][  0]LogConfig: Setting CVar [[r.SSR.HalfResSceneColor:0]]
[2023.11.24-11.29.19:865][  0]LogConfig: Setting CVar [[r.SceneColorFormat:4]]
[2023.11.24-11.29.19:865][  0]LogConfig: Setting CVar [[r.DetailMode:2]]
[2023.11.24-11.29.19:865][  0]LogConfig: Setting CVar [[r.TranslucencyVolumeBlur:1]]
[2023.11.24-11.29.19:865][  0]LogConfig: Setting CVar [[r.MaterialQualityLevel:1 ; High quality]]
[2023.11.24-11.29.19:865][  0]LogConfig: Setting CVar [[r.AnisotropicMaterials:1]]
[2023.11.24-11.29.19:865][  0]LogConfig: Setting CVar [[r.SSS.Scale:1]]
[2023.11.24-11.29.19:865][  0]LogConfig: Setting CVar [[r.SSS.SampleSet:2]]
[2023.11.24-11.29.19:865][  0]LogConfig: Setting CVar [[r.SSS.Quality:1]]
[2023.11.24-11.29.19:865][  0]LogConfig: Setting CVar [[r.SSS.HalfRes:0]]
[2023.11.24-11.29.19:865][  0]LogConfig: Setting CVar [[r.SSGI.Quality:3]]
[2023.11.24-11.29.19:865][  0]LogConfig: Setting CVar [[r.EmitterSpawnRateScale:1.0]]
[2023.11.24-11.29.19:865][  0]LogConfig: Setting CVar [[r.ParticleLightQuality:2]]
[2023.11.24-11.29.19:865][  0]LogConfig: Setting CVar [[r.SkyAtmosphere.AerialPerspectiveLUT.FastApplyOnOpaque:1 ; Always have FastSkyLUT 1 in this case to avoid wrong sky]]
[2023.11.24-11.29.19:865][  0]LogConfig: Setting CVar [[r.SkyAtmosphere.AerialPerspectiveLUT.SampleCountMaxPerSlice:4]]
[2023.11.24-11.29.19:865][  0]LogConfig: Setting CVar [[r.SkyAtmosphere.AerialPerspectiveLUT.DepthResolution:16.0]]
[2023.11.24-11.29.19:865][  0]LogConfig: Setting CVar [[r.SkyAtmosphere.FastSkyLUT:1]]
[2023.11.24-11.29.19:865][  0]LogConfig: Setting CVar [[r.SkyAtmosphere.FastSkyLUT.SampleCountMin:4.0]]
[2023.11.24-11.29.19:865][  0]LogConfig: Setting CVar [[r.SkyAtmosphere.FastSkyLUT.SampleCountMax:128.0]]
[2023.11.24-11.29.19:865][  0]LogConfig: Setting CVar [[r.SkyAtmosphere.SampleCountMin:4.0]]
[2023.11.24-11.29.19:865][  0]LogConfig: Setting CVar [[r.SkyAtmosphere.SampleCountMax:128.0]]
[2023.11.24-11.29.19:865][  0]LogConfig: Setting CVar [[r.SkyAtmosphere.TransmittanceLUT.UseSmallFormat:0]]
[2023.11.24-11.29.19:865][  0]LogConfig: Setting CVar [[r.SkyAtmosphere.TransmittanceLUT.SampleCount:10.0]]
[2023.11.24-11.29.19:865][  0]LogConfig: Setting CVar [[r.SkyAtmosphere.MultiScatteringLUT.SampleCount:15.0]]
[2023.11.24-11.29.19:865][  0]LogConfig: Setting CVar [[r.SkyLight.RealTimeReflectionCapture:1]]
[2023.11.24-11.29.19:865][  0]LogConfig: Applying CVar settings from Section [FoliageQuality@3] File [C:/Users/Вова/Desktop/BlackHole/Saved/Config/Windows/Scalability.ini]
[2023.11.24-11.29.19:865][  0]LogConfig: Setting CVar [[foliage.DensityScale:1.0]]
[2023.11.24-11.29.19:865][  0]LogConfig: Setting CVar [[grass.DensityScale:1.0]]
[2023.11.24-11.29.19:865][  0]LogConfig: Applying CVar settings from Section [ShadingQuality@3] File [C:/Users/Вова/Desktop/BlackHole/Saved/Config/Windows/Scalability.ini]
[2023.11.24-11.29.19:865][  0]LogConfig: Setting CVar [[r.HairStrands.SkyLighting.IntegrationType:2]]
[2023.11.24-11.29.19:865][  0]LogConfig: Setting CVar [[r.HairStrands.SkyAO.SampleCount:4]]
[2023.11.24-11.29.19:865][  0]LogConfig: Setting CVar [[r.HairStrands.Visibility.MSAA.SamplePerPixel:4]]
[2023.11.24-11.29.19:865][  0]LogInit: Selected Device Profile: [Windows]
[2023.11.24-11.29.19:865][  0]LogInit: Applying CVar settings loaded from the selected device profile: [Windows]
[2023.11.24-11.29.19:865][  0]LogHAL: Display: Platform has ~ 8 GB [7916019712 / 8589934592 / 8], which maps to Default [LargestMinGB=32, LargerMinGB=12, DefaultMinGB=8, SmallerMinGB=6, SmallestMinGB=0)
[2023.11.24-11.29.19:865][  0]LogInit: Going up to parent DeviceProfile []
[2023.11.24-11.29.19:865][  0]LogConfig: Applying CVar settings from Section [ViewDistanceQuality@3] File [C:/Users/Вова/Desktop/BlackHole/Saved/Config/Windows/Scalability.ini]
[2023.11.24-11.29.19:865][  0]LogConfig: Setting CVar [[r.SkeletalMeshLODBias:0]]
[2023.11.24-11.29.19:865][  0]LogConfig: Setting CVar [[r.ViewDistanceScale:1.0]]
[2023.11.24-11.29.19:865][  0]LogConfig: Applying CVar settings from Section [AntiAliasingQuality@3] File [C:/Users/Вова/Desktop/BlackHole/Saved/Config/Windows/Scalability.ini]
[2023.11.24-11.29.19:865][  0]LogConfig: Setting CVar [[r.PostProcessAAQuality:4]]
[2023.11.24-11.29.19:865][  0]LogConfig: Applying CVar settings from Section [ShadowQuality@3] File [C:/Users/Вова/Desktop/BlackHole/Saved/Config/Windows/Scalability.ini]
[2023.11.24-11.29.19:865][  0]LogConfig: Setting CVar [[r.LightFunctionQuality:1]]
[2023.11.24-11.29.19:865][  0]LogConfig: Setting CVar [[r.ShadowQuality:5]]
[2023.11.24-11.29.19:865][  0]LogConfig: Setting CVar [[r.Shadow.CSM.MaxCascades:10]]
[2023.11.24-11.29.19:865][  0]LogConfig: Setting CVar [[r.Shadow.MaxResolution:2048]]
[2023.11.24-11.29.19:865][  0]LogConfig: Setting CVar [[r.Shadow.MaxCSMResolution:2048]]
[2023.11.24-11.29.19:865][  0]LogConfig: Setting CVar [[r.Shadow.RadiusThreshold:0.01]]
[2023.11.24-11.29.19:865][  0]LogConfig: Setting CVar [[r.Shadow.DistanceScale:1.0]]
[2023.11.24-11.29.19:865][  0]LogConfig: Setting CVar [[r.Shadow.CSM.TransitionScale:1.0]]
[2023.11.24-11.29.19:865][  0]LogConfig: Setting CVar [[r.Shadow.PreShadowResolutionFactor:1.0]]
[2023.11.24-11.29.19:865][  0]LogConfig: Setting CVar [[r.DistanceFieldShadowing:1]]
[2023.11.24-11.29.19:865][  0]LogConfig: Setting CVar [[r.DistanceFieldAO:1]]
[2023.11.24-11.29.19:865][  0]LogConfig: Setting CVar [[r.AOQuality:2]]
[2023.11.24-11.29.19:865][  0]LogConfig: Setting CVar [[r.VolumetricFog:1]]
[2023.11.24-11.29.19:865][  0]LogConfig: Setting CVar [[r.VolumetricFog.GridPixelSize:8]]
[2023.11.24-11.29.19:865][  0]LogConfig: Setting CVar [[r.VolumetricFog.GridSizeZ:128]]
[2023.11.24-11.29.19:865][  0]LogConfig: Setting CVar [[r.VolumetricFog.HistoryMissSupersampleCount:4]]
[2023.11.24-11.29.19:866][  0]LogConfig: Setting CVar [[r.LightMaxDrawDistanceScale:1]]
[2023.11.24-11.29.19:866][  0]LogConfig: Setting CVar [[r.CapsuleShadows:1]]
[2023.11.24-11.29.19:866][  0]LogConfig: Applying CVar settings from Section [PostProcessQuality@3] File [C:/Users/Вова/Desktop/BlackHole/Saved/Config/Windows/Scalability.ini]
[2023.11.24-11.29.19:866][  0]LogConfig: Setting CVar [[r.MotionBlurQuality:4]]
[2023.11.24-11.29.19:866][  0]LogConfig: Setting CVar [[r.AmbientOcclusionMipLevelFactor:0.4]]
[2023.11.24-11.29.19:866][  0]LogConfig: Setting CVar [[r.AmbientOcclusionMaxQuality:100]]
[2023.11.24-11.29.19:866][  0]LogConfig: Setting CVar [[r.AmbientOcclusionLevels:-1]]
[2023.11.24-11.29.19:866][  0]LogConfig: Setting CVar [[r.AmbientOcclusionRadiusScale:1.0]]
[2023.11.24-11.29.19:866][  0]LogConfig: Setting CVar [[r.DepthOfFieldQuality:2]]
[2023.11.24-11.29.19:866][  0]LogConfig: Setting CVar [[r.RenderTargetPoolMin:400]]
[2023.11.24-11.29.19:866][  0]LogConfig: Setting CVar [[r.LensFlareQuality:2]]
[2023.11.24-11.29.19:866][  0]LogConfig: Setting CVar [[r.SceneColorFringeQuality:1]]
[2023.11.24-11.29.19:866][  0]LogConfig: Setting CVar [[r.EyeAdaptationQuality:2]]
[2023.11.24-11.29.19:866][  0]LogConfig: Setting CVar [[r.BloomQuality:5]]
[2023.11.24-11.29.19:866][  0]LogConfig: Setting CVar [[r.FastBlurThreshold:100]]
[2023.11.24-11.29.19:866][  0]LogConfig: Setting CVar [[r.Upscale.Quality:3]]
[2023.11.24-11.29.19:866][  0]LogConfig: Setting CVar [[r.Tonemapper.GrainQuantization:1]]
[2023.11.24-11.29.19:866][  0]LogConfig: Setting CVar [[r.LightShaftQuality:1]]
[2023.11.24-11.29.19:866][  0]LogConfig: Setting CVar [[r.Filter.SizeScale:1]]
[2023.11.24-11.29.19:866][  0]LogConfig: Setting CVar [[r.Tonemapper.Quality:5]]
[2023.11.24-11.29.19:866][  0]LogConfig: Setting CVar [[r.DOF.Gather.AccumulatorQuality:1        ; higher gathering accumulator quality]]
[2023.11.24-11.29.19:866][  0]LogConfig: Setting CVar [[r.DOF.Gather.PostfilterMethod:1          ; Median3x3 postfilering method]]
[2023.11.24-11.29.19:866][  0]LogConfig: Setting CVar [[r.DOF.Gather.EnableBokehSettings:0       ; no bokeh simulation when gathering]]
[2023.11.24-11.29.19:866][  0]LogConfig: Setting CVar [[r.DOF.Gather.RingCount:4                 ; medium number of samples when gathering]]
[2023.11.24-11.29.19:866][  0]LogConfig: Setting CVar [[r.DOF.Scatter.ForegroundCompositing:1    ; additive foreground scattering]]
[2023.11.24-11.29.19:866][  0]LogConfig: Setting CVar [[r.DOF.Scatter.BackgroundCompositing:2    ; additive background scattering]]
[2023.11.24-11.29.19:866][  0]LogConfig: Setting CVar [[r.DOF.Scatter.EnableBokehSettings:1      ; bokeh simulation when scattering]]
[2023.11.24-11.29.19:866][  0]LogConfig: Setting CVar [[r.DOF.Scatter.MaxSpriteRatio:0.1         ; only a maximum of 10% of scattered bokeh]]
[2023.11.24-11.29.19:866][  0]LogConfig: Setting CVar [[r.DOF.Recombine.Quality:1                ; cheap slight out of focus]]
[2023.11.24-11.29.19:866][  0]LogConfig: Setting CVar [[r.DOF.Recombine.EnableBokehSettings:0    ; no bokeh simulation on slight out of focus]]
[2023.11.24-11.29.19:866][  0]LogConfig: Setting CVar [[r.DOF.TemporalAAQuality:1                ; more stable temporal accumulation]]
[2023.11.24-11.29.19:866][  0]LogConfig: Setting CVar [[r.DOF.Kernel.MaxForegroundRadius:0.025]]
[2023.11.24-11.29.19:866][  0]LogConfig: Setting CVar [[r.DOF.Kernel.MaxBackgroundRadius:0.025]]
[2023.11.24-11.29.19:866][  0]LogConfig: Applying CVar settings from Section [TextureQuality@3] File [C:/Users/Вова/Desktop/BlackHole/Saved/Config/Windows/Scalability.ini]
[2023.11.24-11.29.19:866][  0]LogConfig: Setting CVar [[r.Streaming.MipBias:0]]
[2023.11.24-11.29.19:866][  0]LogConfig: Setting CVar [[r.Streaming.AmortizeCPUToGPUCopy:0]]
[2023.11.24-11.29.19:866][  0]LogConfig: Setting CVar [[r.Streaming.MaxNumTexturesToStreamPerFrame:0]]
[2023.11.24-11.29.19:866][  0]LogConfig: Setting CVar [[r.Streaming.Boost:1]]
[2023.11.24-11.29.19:866][  0]LogConfig: Setting CVar [[r.MaxAnisotropy:8]]
[2023.11.24-11.29.19:866][  0]LogConfig: Setting CVar [[r.VT.MaxAnisotropy:8]]
[2023.11.24-11.29.19:866][  0]LogConfig: Setting CVar [[r.Streaming.LimitPoolSizeToVRAM:0]]
[2023.11.24-11.29.19:866][  0]LogConfig: Setting CVar [[r.Streaming.PoolSize:1000]]
[2023.11.24-11.29.19:866][  0]LogConfig: Setting CVar [[r.Streaming.MaxEffectiveScreenSize:0]]
[2023.11.24-11.29.19:866][  0]LogConfig: Applying CVar settings from Section [EffectsQuality@3] File [C:/Users/Вова/Desktop/BlackHole/Saved/Config/Windows/Scalability.ini]
[2023.11.24-11.29.19:866][  0]LogConfig: Setting CVar [[r.TranslucencyLightingVolumeDim:64]]
[2023.11.24-11.29.19:866][  0]LogConfig: Setting CVar [[r.RefractionQuality:2]]
[2023.11.24-11.29.19:866][  0]LogConfig: Setting CVar [[r.SSR.Quality:3]]
[2023.11.24-11.29.19:866][  0]LogConfig: Setting CVar [[r.SSR.HalfResSceneColor:0]]
[2023.11.24-11.29.19:866][  0]LogConfig: Setting CVar [[r.SceneColorFormat:4]]
[2023.11.24-11.29.19:866][  0]LogConfig: Setting CVar [[r.DetailMode:2]]
[2023.11.24-11.29.19:866][  0]LogConfig: Setting CVar [[r.TranslucencyVolumeBlur:1]]
[2023.11.24-11.29.19:866][  0]LogConfig: Setting CVar [[r.MaterialQualityLevel:1 ; High quality]]
[2023.11.24-11.29.19:866][  0]LogConfig: Setting CVar [[r.AnisotropicMaterials:1]]
[2023.11.24-11.29.19:866][  0]LogConfig: Setting CVar [[r.SSS.Scale:1]]
[2023.11.24-11.29.19:866][  0]LogConfig: Setting CVar [[r.SSS.SampleSet:2]]
[2023.11.24-11.29.19:866][  0]LogConfig: Setting CVar [[r.SSS.Quality:1]]
[2023.11.24-11.29.19:866][  0]LogConfig: Setting CVar [[r.SSS.HalfRes:0]]
[2023.11.24-11.29.19:866][  0]LogConfig: Setting CVar [[r.SSGI.Quality:3]]
[2023.11.24-11.29.19:866][  0]LogConfig: Setting CVar [[r.EmitterSpawnRateScale:1.0]]
[2023.11.24-11.29.19:866][  0]LogConfig: Setting CVar [[r.ParticleLightQuality:2]]
[2023.11.24-11.29.19:866][  0]LogConfig: Setting CVar [[r.SkyAtmosphere.AerialPerspectiveLUT.FastApplyOnOpaque:1 ; Always have FastSkyLUT 1 in this case to avoid wrong sky]]
[2023.11.24-11.29.19:866][  0]LogConfig: Setting CVar [[r.SkyAtmosphere.AerialPerspectiveLUT.SampleCountMaxPerSlice:4]]
[2023.11.24-11.29.19:866][  0]LogConfig: Setting CVar [[r.SkyAtmosphere.AerialPerspectiveLUT.DepthResolution:16.0]]
[2023.11.24-11.29.19:866][  0]LogConfig: Setting CVar [[r.SkyAtmosphere.FastSkyLUT:1]]
[2023.11.24-11.29.19:866][  0]LogConfig: Setting CVar [[r.SkyAtmosphere.FastSkyLUT.SampleCountMin:4.0]]
[2023.11.24-11.29.19:866][  0]LogConfig: Setting CVar [[r.SkyAtmosphere.FastSkyLUT.SampleCountMax:128.0]]
[2023.11.24-11.29.19:866][  0]LogConfig: Setting CVar [[r.SkyAtmosphere.SampleCountMin:4.0]]
[2023.11.24-11.29.19:866][  0]LogConfig: Setting CVar [[r.SkyAtmosphere.SampleCountMax:128.0]]
[2023.11.24-11.29.19:866][  0]LogConfig: Setting CVar [[r.SkyAtmosphere.TransmittanceLUT.UseSmallFormat:0]]
[2023.11.24-11.29.19:866][  0]LogConfig: Setting CVar [[r.SkyAtmosphere.TransmittanceLUT.SampleCount:10.0]]
[2023.11.24-11.29.19:866][  0]LogConfig: Setting CVar [[r.SkyAtmosphere.MultiScatteringLUT.SampleCount:15.0]]
[2023.11.24-11.29.19:866][  0]LogConfig: Setting CVar [[r.SkyLight.RealTimeReflectionCapture:1]]
[2023.11.24-11.29.19:866][  0]LogConfig: Applying CVar settings from Section [FoliageQuality@3] File [C:/Users/Вова/Desktop/BlackHole/Saved/Config/Windows/Scalability.ini]
[2023.11.24-11.29.19:866][  0]LogConfig: Setting CVar [[foliage.DensityScale:1.0]]
[2023.11.24-11.29.19:866][  0]LogConfig: Setting CVar [[grass.DensityScale:1.0]]
[2023.11.24-11.29.19:866][  0]LogConfig: Applying CVar settings from Section [ShadingQuality@3] File [C:/Users/Вова/Desktop/BlackHole/Saved/Config/Windows/Scalability.ini]
[2023.11.24-11.29.19:866][  0]LogConfig: Setting CVar [[r.HairStrands.SkyLighting.IntegrationType:2]]
[2023.11.24-11.29.19:866][  0]LogConfig: Setting CVar [[r.HairStrands.SkyAO.SampleCount:4]]
[2023.11.24-11.29.19:866][  0]LogConfig: Setting CVar [[r.HairStrands.Visibility.MSAA.SamplePerPixel:4]]
[2023.11.24-11.29.19:866][  0]LogConfig: Applying CVar settings from Section [Startup] File [../../../Engine/Config/ConsoleVariables.ini]
[2023.11.24-11.29.19:867][  0]LogConfig: Setting CVar [[net.UseAdaptiveNetUpdateFrequency:0]]
[2023.11.24-11.29.19:867][  0]LogConfig: Setting CVar [[p.chaos.AllowCreatePhysxBodies:1]]
[2023.11.24-11.29.19:867][  0]LogConfig: Setting CVar [[fx.SkipVectorVMBackendOptimizations:1]]
[2023.11.24-11.29.19:867][  0]LogConfig: Applying CVar settings from Section [ConsoleVariables] File [C:/Users/Вова/Desktop/BlackHole/Saved/Config/Windows/Engine.ini]
[2023.11.24-11.29.19:867][  0]LogConfig: Applying CVar settings from Section [ConsoleVariables] File [C:/Users/Вова/Desktop/BlackHole/Saved/Config/Windows/Editor.ini]
[2023.11.24-11.29.19:869][  0]LogInit: Computer: REDMIBOOK
[2023.11.24-11.29.19:869][  0]LogInit: User: Вова
[2023.11.24-11.29.19:869][  0]LogInit: CPU Page size=4096, Cores=6
[2023.11.24-11.29.19:869][  0]LogInit: High frequency timer resolution =10.000000 MHz
[2023.11.24-11.29.19:869][  0]LogMemory: Memory total: Physical=7.4GB (8GB approx)
[2023.11.24-11.29.19:869][  0]LogMemory: Platform Memory Stats for Windows
[2023.11.24-11.29.19:869][  0]LogMemory: Process Physical Memory: 139.51 MB used, 139.51 MB peak
[2023.11.24-11.29.19:869][  0]LogMemory: Process Virtual Memory: 112.17 MB used, 112.17 MB peak
[2023.11.24-11.29.19:869][  0]LogMemory: Physical Memory: 6592.51 MB used,  956.80 MB free, 7549.30 MB total
[2023.11.24-11.29.19:869][  0]LogMemory: Virtual Memory: 134213864.00 MB used,  3862.02 MB free, 134217728.00 MB total
[2023.11.24-11.29.19:876][  0]LogWindows: WindowsPlatformFeatures enabled
[2023.11.24-11.29.19:992][  0]LogInit: Physics initialised using underlying interface: PhysX
[2023.11.24-11.29.19:993][  0]LogInit: Using OS detected language (uk-UA).
[2023.11.24-11.29.19:993][  0]LogInit: Using OS detected locale (uk-UA).
[2023.11.24-11.29.19:995][  0]LogTextLocalizationManager: No localization for 'uk-UA' exists, so 'en' will be used for the language.
[2023.11.24-11.29.19:997][  0]LogTextLocalizationManager: No localization for 'uk-UA' exists, so 'en' will be used for the locale.
[2023.11.24-11.29.20:409][  0]LogWindowsTextInputMethodSystem: Display: IME system deactivated.
[2023.11.24-11.29.20:436][  0]LogSlate: New Slate User Created.  User Index 0, Is Virtual User: 0
[2023.11.24-11.29.20:436][  0]LogSlate: Slate User Registered.  User Index 0, Is Virtual User: 0
[2023.11.24-11.29.20:457][  0]LogD3D11RHI: Loaded GFSDK_Aftermath_Lib.x64.dll
[2023.11.24-11.29.20:473][  0]LogHMD: Failed to initialize OpenVR with code 110
[2023.11.24-11.29.20:473][  0]LogD3D11RHI: D3D11 min allowed feature level: 11_0
[2023.11.24-11.29.20:473][  0]LogD3D11RHI: D3D11 max allowed feature level: 11_0
[2023.11.24-11.29.20:473][  0]LogD3D11RHI: D3D11 adapters:
[2023.11.24-11.29.20:505][  0]LogD3D11RHI:    0. 'AMD Radeon(TM) Graphics' (Feature Level 11_0)
[2023.11.24-11.29.20:507][  0]LogD3D11RHI:       496/0/3774 MB DedicatedVideo/DedicatedSystem/SharedSystem, Outputs:1, VendorId:0x1002
[2023.11.24-11.29.20:510][  0]LogD3D11RHI:    1. 'Microsoft Basic Render Driver' (Feature Level 11_0)
[2023.11.24-11.29.20:510][  0]LogD3D11RHI:       0/0/3774 MB DedicatedVideo/DedicatedSystem/SharedSystem, Outputs:0, VendorId:0x1414
[2023.11.24-11.29.20:538][  0]LogD3D11RHI:    2. 'AMD Radeon(TM) Graphics' (Feature Level 11_0)
[2023.11.24-11.29.20:538][  0]LogD3D11RHI:       496/0/3774 MB DedicatedVideo/DedicatedSystem/SharedSystem, Outputs:0, VendorId:0x1002
[2023.11.24-11.29.20:538][  0]LogD3D11RHI: Chosen D3D11 Adapter:
[2023.11.24-11.29.20:538][  0]LogD3D11RHI:     Description : AMD Radeon(TM) Graphics
[2023.11.24-11.29.20:538][  0]LogD3D11RHI:     VendorId    : 1002
[2023.11.24-11.29.20:538][  0]LogD3D11RHI:     DeviceId    : 1636
[2023.11.24-11.29.20:538][  0]LogD3D11RHI:     SubSysId    : 19511d72
[2023.11.24-11.29.20:538][  0]LogD3D11RHI:     Revision    : 00c3
[2023.11.24-11.29.20:538][  0]LogD3D11RHI:     DedicatedVideoMemory : 520724480 bytes
[2023.11.24-11.29.20:538][  0]LogD3D11RHI:     DedicatedSystemMemory : 0 bytes
[2023.11.24-11.29.20:538][  0]LogD3D11RHI:     SharedSystemMemory : 3958009856 bytes
[2023.11.24-11.29.20:538][  0]LogD3D11RHI:     AdapterLuid : 0 62651
[2023.11.24-11.29.20:545][  0]LogD3D11RHI: Creating new Direct3DDevice
[2023.11.24-11.29.20:545][  0]LogD3D11RHI:     GPU DeviceId: 0x1636 (for the marketing name, search the web for "GPU Device Id")
[2023.11.24-11.29.20:545][  0]LogWindows: EnumDisplayDevices:
[2023.11.24-11.29.20:546][  0]LogWindows:    0. 'AMD Radeon(TM) Graphics' (P:1 D:1)
[2023.11.24-11.29.20:546][  0]LogWindows:    1. 'AMD Radeon(TM) Graphics' (P:0 D:0)
[2023.11.24-11.29.20:546][  0]LogWindows:    2. 'AMD Radeon(TM) Graphics' (P:0 D:0)
[2023.11.24-11.29.20:546][  0]LogWindows:    3. 'AMD Radeon(TM) Graphics' (P:0 D:0)
[2023.11.24-11.29.20:547][  0]LogWindows:    4. 'AMD Radeon(TM) Graphics' (P:0 D:0)
[2023.11.24-11.29.20:547][  0]LogWindows:    5. 'AMD Radeon(TM) Graphics' (P:0 D:0)
[2023.11.24-11.29.20:547][  0]LogWindows:    6. 'Parsec Virtual Display Adapter' (P:0 D:0)
[2023.11.24-11.29.20:547][  0]LogWindows:    7. 'Parsec Virtual Display Adapter' (P:0 D:0)
[2023.11.24-11.29.20:548][  0]LogWindows:    8. 'Parsec Virtual Display Adapter' (P:0 D:0)
[2023.11.24-11.29.20:548][  0]LogWindows:    9. 'Parsec Virtual Display Adapter' (P:0 D:0)
[2023.11.24-11.29.20:548][  0]LogWindows:    10. 'Parsec Virtual Display Adapter' (P:0 D:0)
[2023.11.24-11.29.20:548][  0]LogWindows:    11. 'Parsec Virtual Display Adapter' (P:0 D:0)
[2023.11.24-11.29.20:548][  0]LogWindows:    12. 'Parsec Virtual Display Adapter' (P:0 D:0)
[2023.11.24-11.29.20:548][  0]LogWindows:    13. 'Parsec Virtual Display Adapter' (P:0 D:0)
[2023.11.24-11.29.20:549][  0]LogWindows:    14. 'Parsec Virtual Display Adapter' (P:0 D:0)
[2023.11.24-11.29.20:549][  0]LogWindows:    15. 'Parsec Virtual Display Adapter' (P:0 D:0)
[2023.11.24-11.29.20:549][  0]LogWindows:    16. 'Parsec Virtual Display Adapter' (P:0 D:0)
[2023.11.24-11.29.20:549][  0]LogWindows:    17. 'Parsec Virtual Display Adapter' (P:0 D:0)
[2023.11.24-11.29.20:549][  0]LogWindows:    18. 'Parsec Virtual Display Adapter' (P:0 D:0)
[2023.11.24-11.29.20:549][  0]LogWindows:    19. 'Parsec Virtual Display Adapter' (P:0 D:0)
[2023.11.24-11.29.20:550][  0]LogWindows:    20. 'Parsec Virtual Display Adapter' (P:0 D:0)
[2023.11.24-11.29.20:550][  0]LogWindows:    21. 'Parsec Virtual Display Adapter' (P:0 D:0)
[2023.11.24-11.29.20:550][  0]LogWindows: DebugString: GetVideoDriverDetailsInvalid PrimaryIsNotTheChoosenAdapter GetVideoDriverDetailsInvalid PrimaryIsNotTheChoosenAdapter GetVideoDriverDetailsInvalid PrimaryIsNotTheChoosenAdapter GetVideoDriverDetailsInvalid PrimaryIsNotTheChoosenAdapter GetVideoDriverDetailsInvalid PrimaryIsNotTheChoosenAdapter GetVideoDriverDetailsInvalid PrimaryIsNotTheChoosenAdapter GetVideoDriverDetailsInvalid PrimaryIsNotTheChoosenAdapter GetVideoDriverDetailsInvalid PrimaryIsNotTheChoosenAdapter GetVideoDriverDetailsInvalid PrimaryIsNotTheChoosenAdapter GetVideoDriverDetailsInvalid PrimaryIsNotTheChoosenAdapter GetVideoDriverDetailsInvalid PrimaryIsNotTheChoosenAdapter GetVideoDriverDetailsInvalid PrimaryIsNotTheChoosenAdapter GetVideoDriverDetailsInvalid PrimaryIsNotTheChoosenAdapter GetVideoDriverDetailsInvalid PrimaryIsNotTheChoosenAdapter GetVideoDriverDetailsInvalid PrimaryIsNotTheChoosenAdapter GetVideoDriverDetailsInvalid PrimaryIsNotTheChoosenAdapter FoundDriverCount:6 
[2023.11.24-11.29.20:550][  0]LogD3D11RHI:     Adapter Name: AMD Radeon(TM) Graphics
[2023.11.24-11.29.20:550][  0]LogD3D11RHI:   Driver Version: Adrenalin 20.10.44 (internal:27.20.11044.7, unified:27.20.11044.7)
[2023.11.24-11.29.20:550][  0]LogD3D11RHI:      Driver Date: 9-24-2020
[2023.11.24-11.29.20:550][  0]LogRHI: Texture pool is 2690 MB (70% of 3844 MB)
[2023.11.24-11.29.20:593][  0]LogD3D11RHI: Creating D3DDevice with AMD AGS, using adapter:
[2023.11.24-11.29.20:593][  0]LogD3D11RHI:     Description : AMD Radeon(TM) Graphics
[2023.11.24-11.29.20:593][  0]LogD3D11RHI:     VendorId    : 1002
[2023.11.24-11.29.20:593][  0]LogD3D11RHI:     DeviceId    : 1636
[2023.11.24-11.29.20:593][  0]LogD3D11RHI:     SubSysId    : 19511d72
[2023.11.24-11.29.20:593][  0]LogD3D11RHI:     Revision    : 00c3
[2023.11.24-11.29.20:593][  0]LogD3D11RHI:     DedicatedVideoMemory : 520724480 bytes
[2023.11.24-11.29.20:593][  0]LogD3D11RHI:     DedicatedSystemMemory : 0 bytes
[2023.11.24-11.29.20:593][  0]LogD3D11RHI:     SharedSystemMemory : 3958009856 bytes
[2023.11.24-11.29.20:593][  0]LogD3D11RHI:     AdapterLuid : 0 62651
[2023.11.24-11.29.20:631][  0]LogD3D11RHI: Created device via AGS, feature level 11_0, supported extensions 1fffffbf.
[2023.11.24-11.29.20:632][  0]LogD3D11RHI: RHI has support for 64 bit atomics
[2023.11.24-11.29.20:632][  0]LogD3D11RHI: Async texture creation enabled
[2023.11.24-11.29.20:632][  0]LogD3D11RHI: Array index from any shader is supported
[2023.11.24-11.29.20:658][  0]LogD3D11RHI: GPU Timing Frequency: 100.000000 (Debug: 2 1)
[2023.11.24-11.29.21:123][  0]LogTargetPlatformManager: Display: Loaded TargetPlatform 'WindowsNoEditor'
[2023.11.24-11.29.21:130][  0]LogTargetPlatformManager: Display: Loaded TargetPlatform 'Windows'
[2023.11.24-11.29.21:143][  0]LogTargetPlatformManager: Display: Loaded TargetPlatform 'WindowsClient'
[2023.11.24-11.29.21:153][  0]LogTargetPlatformManager: Display: Loaded TargetPlatform 'WindowsServer'
[2023.11.24-11.29.21:153][  0]LogTargetPlatformManager: Display: Building Assets For Windows
[2023.11.24-11.29.21:171][  0]LogAudioDebug: Display: Lib vorbis DLL was dynamically loaded.
[2023.11.24-11.29.21:248][  0]LogTextureFormatOodle: Display: Oodle Texture 2.9.0 init RDO Off
[2023.11.24-11.29.21:381][  0]LogRendererCore: Ray tracing is disabled. Reason: r.RayTracing=0.
[2023.11.24-11.29.21:383][  0]LogShaderCompilers: Guid format shader working directory is -2 characters bigger than the processId version (../../../../../../Users/Вова/Desktop/BlackHole/Intermediate/Shaders/WorkingDirectory/16316/).
[2023.11.24-11.29.21:383][  0]LogShaderCompilers: Cleaned the shader compiler working directory 'C:/Users/Вова/AppData/Local/Temp/UnrealShaderWorkingDir/8FF7C0B141D60AE58806BEAD7498A305/'.
[2023.11.24-11.29.21:383][  0]LogXGEController: Cannot use XGE Controller as Incredibuild is not installed on this machine.
[2023.11.24-11.29.21:383][  0]LogShaderCompilers: Cannot use XGE Shader Compiler as Incredibuild is not installed on this machine.
[2023.11.24-11.29.21:383][  0]LogShaderCompilers: Display: Using Local Shader Compiler.
[2023.11.24-11.29.22:356][  0]LogDerivedDataCache: Display: Max Cache Size: 512 MB
[2023.11.24-11.29.22:672][  0]LogDerivedDataCache: Loaded boot cache 0.32s 103MB C:/Users/Вова/AppData/Local/UnrealEngine/4.27/DerivedDataCache/Boot.ddc.
[2023.11.24-11.29.22:672][  0]LogDerivedDataCache: Display: Loaded Boot cache: C:/Users/Вова/AppData/Local/UnrealEngine/4.27/DerivedDataCache/Boot.ddc
[2023.11.24-11.29.22:672][  0]LogDerivedDataCache: FDerivedDataBackendGraph:  Pak pak cache file ../../../../../../Users/Вова/Desktop/BlackHole/DerivedDataCache/DDC.ddp not found, will not use a pak cache.
[2023.11.24-11.29.22:672][  0]LogDerivedDataCache: Unable to find inner node Pak for hierarchical cache Hierarchy.
[2023.11.24-11.29.22:672][  0]LogDerivedDataCache: FDerivedDataBackendGraph:  CompressedPak pak cache file ../../../../../../Users/Вова/Desktop/BlackHole/DerivedDataCache/Compressed.ddp not found, will not use a pak cache.
[2023.11.24-11.29.22:672][  0]LogDerivedDataCache: Unable to find inner node CompressedPak for hierarchical cache Hierarchy.
[2023.11.24-11.29.22:699][  0]LogDerivedDataCache: Display: Pak cache opened for reading ../../../Engine/DerivedDataCache/Compressed.ddp.
[2023.11.24-11.29.22:699][  0]LogDerivedDataCache: FDerivedDataBackendGraph:  EnterprisePak pak cache file ../../../Enterprise/DerivedDataCache/Compressed.ddp not found, will not use a pak cache.
[2023.11.24-11.29.22:699][  0]LogDerivedDataCache: Unable to find inner node EnterprisePak for hierarchical cache Hierarchy.
[2023.11.24-11.29.22:720][  0]LogDerivedDataCache: Speed tests for C:/Users/Вова/AppData/Local/UnrealEngine/Common/DerivedDataCache took 0.02 seconds
[2023.11.24-11.29.22:720][  0]LogDerivedDataCache: Display: Performance to C:/Users/Вова/AppData/Local/UnrealEngine/Common/DerivedDataCache: Latency=0.03ms. RandomReadSpeed=114.74MBs, RandomWriteSpeed=74.14MBs. Assigned SpeedClass 'Local'
[2023.11.24-11.29.22:722][  0]LogDerivedDataCache: Using Local data cache path C:/Users/Вова/AppData/Local/UnrealEngine/Common/DerivedDataCache: Writable
[2023.11.24-11.29.22:722][  0]LogDerivedDataCache: Shared data cache path not found in *engine.ini, will not use an Shared cache.
[2023.11.24-11.29.22:722][  0]LogDerivedDataCache: Unable to find inner node Shared for hierarchical cache Hierarchy.
[2023.11.24-11.29.22:764][  0]LogSlate: Using FreeType 2.10.0
[2023.11.24-11.29.22:765][  0]LogSlate: SlateFontServices - WITH_FREETYPE: 1, WITH_HARFBUZZ: 1
[2023.11.24-11.29.22:909][  0]LogInit: Using OS detected language (uk-UA).
[2023.11.24-11.29.22:909][  0]LogInit: Using OS detected locale (uk-UA).
[2023.11.24-11.29.22:910][  0]LogTextLocalizationManager: No localization for 'uk-UA' exists, so 'en' will be used for the language.
[2023.11.24-11.29.22:910][  0]LogTextLocalizationManager: No localization for 'uk-UA' exists, so 'en' will be used for the locale.
[2023.11.24-11.29.22:917][  0]LogTextLocalizationManager: Compacting localization data took   0.01ms
[2023.11.24-11.29.22:917][  0]LogAssetRegistry: FAssetRegistry took 0.0039 seconds to start up
[2023.11.24-11.29.23:272][  0]LogPackageLocalizationCache: Processed 27 localized package path(s) for 1 prioritized culture(s) in 0.001215 seconds
[2023.11.24-11.29.23:339][  0]LogInit: Selected Device Profile: [Windows]
[2023.11.24-11.29.23:340][  0]LogInit: Active device profile: [00000285FEDC6F00][00000285F7F89540 49] Windows
[2023.11.24-11.29.23:340][  0]LogInit: Profiles: [00000285FEDC6F00][00000285F7F89540 49] Windows, [00000285FED75900][00000285F8FAB680 49] WindowsNoEditor, [00000285FEDC6200][00000285F7F8D7C0 49] WindowsServer, [00000285FED77C00][00000285F7F91900 49] WindowsClient, [00000285FEDC4D00][00000285F7F99A80 49] IOS, [00000285FED77E00][00000285F7F9DC00 49] iPadAir, [00000285FEDC7D00][00000285F7FA0200 49] iPadAir2, [00000285FED30C00][00000285F7FA84C0 49] IPadPro, [00000285FED30D00][00000285F7FA4500 49] iPadAir3, [00000285FED77800][00000285F7FAC680 49] iPadAir4, [00000285FED33600][00000285F7FB0800 49] iPadMini2, [00000285FED76100][00000285F7FB4980 49] iPadMini3, [00000285FED33800][00000285F7FB8B00 49] iPadMini4, [00000285FED74100][00000285F7FBCC80 49] iPadMini5, [00000285FED60500][00000285F826AF40 49] iPhone6, [00000285FED60600][00000285F8266F80 49] iPodTouch6, [00000285FEDC7500][00000285F8273240 49] iPhone7, [00000285FEDC7A00][00000285F826F280 49] iPodTouch7, [00000285FED60200][00000285F8277400 49] iPhone5S, [00000285FED30600][00000285F827B580 49] iPhone6Plus, [00000285FED62400][00000285F7F956C0 49] iPhone6S, [00000285FED31300][00000285F827F800 49] iPhone6SPlus, [00000285FED63A00][00000285F8283940 49] iPhone7Plus, [00000285FED33500][00000285F8287A80 49] iPhoneSE, [00000285FEDC7800][00000285F828FC00 49] iPhone8, [00000285FED30200][00000285F8292200 49] iPhone8Plus, [00000285FEDC4400][00000285F8296380 49] iPhoneX, [00000285FED32B00][00000285F829A500 49] iPhoneXS, [00000285FEDC4F00][00000285F829E680 49] iPhoneXSMax, [00000285FED30800][00000285F82A2800 49] iPhoneXR, [00000285FEDC5900][00000285F82A6980 49] iPhone11, [00000285FED30900][00000285F82AAB00 49] iPhone11Pro, [00000285FEDC7400][00000285F82AEC80 49] iPhone11ProMax, [00000285FED31D00][00000285F895EE00 49] iPhoneSE2, [00000285FEDC6B00][00000285F8962F80 49] iPhone12Mini, [00000285FED32100][00000285F8967100 49] iPhone12, [00000285FEDC6700][00000285F896B280 49] iPhone12Pro, [00000285FED33200][00000285F896F400 49] iPhone12ProMax, [00000285FEDC7100][00000285F8973580 49] iPadPro105, [00000285FED32000][00000285F8977700 49] iPadPro129, [00000285FEDC6800][00000285F897B880 49] iPadPro97, [00000285FED33900][00000285F828B9C0 49] iPadPro2_129, [00000285FEDC5C00][00000285F897FB00 49] iPad5, [00000285FED30500][00000285F89820C0 49] iPad6, [00000285FEDC7E00][00000285F898A240 49] iPad7, [00000285FED30300][00000285F898E3C0 49] iPad8, [00000285FEDC6E00][00000285F8992540 49] iPadPro11, [00000285FED30400][00000285F89966C0 49] iPadPro2_11, [00000285FEDC6100][00000285F899A840 49] iPadPro3_129, [00000285FED33700][00000285F899E9C0 49] iPadPro4_129, [00000285FEDC7300][00000285F89A2B40 49] AppleTV, [00000285FED33E00][00000285F89A6CC0 49] AppleTV4K, [00000285FEDC4500][00000285F89AAE40 49] TVOS, [00000285FED33300][00000285F89AEFC0 49] Mac, [00000285FEDC5A00][00000285F89B3140 49] MacClient, [00000285FED33F00][00000285F89B72C0 49] MacNoEditor, [00000285FEDC5400][00000285F89BB440 49] MacServer, [00000285FED31400][00000285F89BF5C0 49] Linux, [00000285FEDC4600][00000285F89C3740 49] LinuxAArch64, [00000285FED31100][00000285F89C78C0 49] LinuxNoEditor, [00000285FEDC5E00][00000285F89CBA40 49] LinuxAArch64NoEditor, [00000285FED32900][00000285F8987B80 49] LinuxClient, [00000285FEDC4200][00000285F89CE140 49] LinuxAArch64Client, [00000285FED31E00][00000285F89D2280 49] LinuxServer, [00000285FEDC7600][00000285F89D63C0 49] LinuxAArch64Server, [00000285FED31500][00000285F89DE540 49] Android, [00000285FEDC6300][00000285F89E26C0 49] Android_Low, [00000285FED31F00][00000285F89E6840 49] Android_Mid, [00000285FEDC7200][00000285F89EA9C0 49] Android_High, [00000285FED33D00][00000285F89EEB40 49] Android_Default, [00000285FED77600][00000285F89F2CC0 49] Android_Adreno4xx, [00000285FED62700][00000285F89F6E40 49] Android_Adreno5xx_Low, [00000285FED75D00][00000285F89FAFC0 49] Android_Adreno5xx, [00000285FED62800][00000285F89FF140 49] Android_Adreno6xx, [00000285FED75E00][00000285F8A032C0 49] Android_Adreno6xx_Vulkan, [00000285FED60B00][00000285F8A07440 49] Android_Mali_T6xx, [00000285FED74400][00000285F8A0B5C0 49] Android_Mali_T7xx, [00000285FED63000][00000285F8A0F740 49] Android_Mali_T8xx, [00000285FED74D00][00000285F8A138C0 49] Android_Mali_G71, [00000285FED61900][00000285F8A17A40 49] Android_Mali_G72, [00000285FED74700][00000285F8A1BBC0 49] Android_Mali_G72_Vulkan, [00000285FED61C00][00000285F89DA180 49] Android_Mali_G76, [00000285FED74800][00000285F8A1E2C0 49] Android_Mali_G76_Vulkan, [00000285FED61200][00000285F8A22400 49] Android_Mali_G77, [00000285FED75200][00000285F8A26540 49] Android_Mali_G77_Vulkan, [00000285FED62000][00000285F8A2E6C0 49] Android_Mali_G78, [00000285FED76000][00000285F8A32840 49] Android_Mali_G78_Vulkan, [00000285FED62500][00000285F8A369C0 49] Android_Mali_G710, [00000285FED74E00][00000285F8A3AB40 49] Android_Mali_G710_Vulkan, [00000285FED60300][00000285F8A3ECC0 49] Android_Vulkan_SM5, [00000285FED74C00][00000285F8A42E40 49] Android_PowerVR_G6xxx, [00000285FED63300][00000285F8A46FC0 49] Android_PowerVR_GT7xxx, [00000285FED74900][00000285F8A4B140 49] Android_PowerVR_GE8xxx, [00000285FED63100][00000285F8A4F2C0 49] Android_PowerVR_GM9xxx, [00000285FED76600][00000285F8A53440 49] Android_PowerVR_GM9xxx_Vulkan, [00000285FED62A00][00000285F8A575C0 49] Android_TegraK1, [00000285FED74F00][00000285F8A5B740 49] Android_Unknown_Vulkan, [00000285FED61F00][00000285F8A5F8C0 49] Lumin, [00000285FED75800][00000285F8A63A40 49] Lumin_Desktop, [00000285FED33400][00000285F8A67BC0 49] HoloLens, 
[2023.11.24-11.29.23:448][  0]LogMeshReduction: Using QuadricMeshReduction for automatic static mesh reduction
[2023.11.24-11.29.23:448][  0]LogMeshReduction: Using SimplygonMeshReduction for automatic skeletal mesh reduction
[2023.11.24-11.29.23:448][  0]LogMeshReduction: Using ProxyLODMeshReduction for automatic mesh merging
[2023.11.24-11.29.23:448][  0]LogMeshReduction: No distributed automatic mesh merging module available
[2023.11.24-11.29.23:450][  0]LogMeshMerging: No distributed automatic mesh merging module available
[2023.11.24-11.29.23:566][  0]LogNetVersion: BlackHole 1.0.0, NetCL: 17155196, EngineNetVer: 17, GameNetVer: 0 (Checksum: 1189277789)
[2023.11.24-11.29.24:030][  0]LogTexture: Default maximum texture size for cubemaps generated from long-lat sources has been changed from 512 to unlimited. In order to preserve old behaiour for '/Engine/MapTemplates/Sky/DaylightAmbientCubemap.DaylightAmbientCubemap', its maximum texture size has been explicitly set to 512.
[2023.11.24-11.29.24:121][  0]LogHMD: PokeAHoleMaterial loaded successfully
[2023.11.24-11.29.24:357][  0]LogMoviePlayer: Initializing movie player
[2023.11.24-11.29.24:519][  0]LogPython: Using Python 3.7.7
[2023.11.24-11.29.25:060][  0]LogNiagaraDebuggerClient: Niagara Debugger Client Initialized | Session: 32D7BB8B40A97E9E3D2965B8F694A541 | Instance: 8EA2271846A9224DE06659BF554843BC (REDMIBOOK-16316).
[2023.11.24-11.29.25:125][  0]LogCollectionManager: Loaded 0 collections in 0.002370 seconds
[2023.11.24-11.29.25:130][  0]LogFileCache: Scanning file cache for directory 'C:/Users/Вова/Desktop/BlackHole/Saved/Collections/' took 0.00s
[2023.11.24-11.29.25:130][  0]LogFileCache: Scanning file cache for directory 'C:/Users/Вова/Desktop/BlackHole/Content/Developers/Вова/Collections/' took 0.00s
[2023.11.24-11.29.25:130][  0]LogFileCache: Scanning file cache for directory 'C:/Users/Вова/Desktop/BlackHole/Content/Collections/' took 0.00s
[2023.11.24-11.29.25:130][  0]LogCollectionManager: Fixed up redirectors for 0 collections in 0.000002 seconds (updated 0 objects)
