Log file open, 11/24/23 13:56:28
LogWindows: Failed to load 'aqProf.dll' (GetLastError=126)
LogWindows: File 'aqProf.dll' does not exist
LogWindows: Failed to load 'VtuneApi.dll' (GetLastError=126)
LogWindows: File 'VtuneApi.dll' does not exist
LogWindows: Failed to load 'VtuneApi32e.dll' (GetLastError=126)
LogWindows: File 'VtuneApi32e.dll' does not exist
LogConsoleResponse: Display: Failed to find resolution value strings in scalability ini. Falling back to default.
LogConsoleResponse: Display: Failed to find resolution value strings in scalability ini. Falling back to default.
LogInit: Display: Running engine for game: BlackHole
LogPlatformFile: Not using cached read wrapper
LogTaskGraph: Started task graph with 5 named threads and 20 total threads with 3 sets of task threads.
LogStats: Stats thread started at 0.608527
LogICUInternationalization: ICU TimeZone Detection - Raw Offset: +2:00, Platform Override: ''
LogInit: Display: Loading text-based GConfig....
LogPluginManager: Mounting plugin MeshPainting
LogPluginManager: Mounting plugin XGEController
LogPluginManager: Mounting plugin Paper2D
LogPluginManager: Mounting plugin EnvironmentQueryEditor
LogPluginManager: Mounting plugin AISupport
LogPluginManager: Mounting plugin LightPropagationVolume
LogPluginManager: Mounting plugin LiveLink
LogPluginManager: Mounting plugin GameplayCameras
LogPluginManager: Mounting plugin CameraShakePreviewer
LogPluginManager: Mounting plugin OodleData
LogPluginManager: Mounting plugin OodleNetwork
LogPluginManager: Mounting plugin AnimationSharing
LogPluginManager: Mounting plugin CLionSourceCodeAccess
LogPluginManager: Mounting plugin CodeLiteSourceCodeAccess
LogPluginManager: Mounting plugin AssetManagerEditor
LogPluginManager: Mounting plugin GitSourceControl
LogPluginManager: Mounting plugin NullSourceCodeAccess
LogPluginManager: Mounting plugin KDevelopSourceCodeAccess
LogPluginManager: Mounting plugin PerforceSourceControl
LogPluginManager: Mounting plugin PixWinPlugin
LogPluginManager: Mounting plugin PlasticSourceControl
LogPluginManager: Mounting plugin CryptoKeys
LogPluginManager: Mounting plugin PluginUtils
LogPluginManager: Mounting plugin CurveEditorTools
LogPluginManager: Mounting plugin PropertyAccessNode
LogPluginManager: Mounting plugin DataValidation
LogPluginManager: Mounting plugin RiderSourceCodeAccess
LogPluginManager: Mounting plugin FacialAnimation
LogPluginManager: Mounting plugin GameplayTagsEditor
LogPluginManager: Mounting plugin SubversionSourceControl
LogPluginManager: Mounting plugin MacGraphicsSwitching
LogPluginManager: Mounting plugin MaterialAnalyzer
LogPluginManager: Mounting plugin PluginBrowser
LogPluginManager: Mounting plugin SpeedTreeImporter
LogPluginManager: Mounting plugin DatasmithContent
LogPluginManager: Mounting plugin VariantManagerContent
LogPluginManager: Mounting plugin AlembicImporter
LogPluginManager: Mounting plugin AutomationUtils
LogPluginManager: Mounting plugin BackChannel
LogPluginManager: Mounting plugin ChaosCloth
LogPluginManager: Mounting plugin ChaosClothEditor
LogPluginManager: Mounting plugin ChaosEditor
LogPluginManager: Mounting plugin ChaosNiagara
LogPluginManager: Mounting plugin ChaosSolverPlugin
LogPluginManager: Mounting plugin CharacterAI
LogPluginManager: Mounting plugin MobileLauncherProfileWizard
LogPluginManager: Mounting plugin GeometryCache
LogPluginManager: Mounting plugin GeometryCollectionPlugin
LogPluginManager: Mounting plugin GeometryProcessing
LogPluginManager: Mounting plugin MotoSynth
LogPluginManager: Mounting plugin OpenImageDenoise
LogPluginManager: Mounting plugin PlanarCut
LogPluginManager: Mounting plugin PlatformCrypto
LogPluginManager: Mounting plugin ProxyLODPlugin
LogPluginManager: Mounting plugin PythonScriptPlugin
LogPluginManager: Mounting plugin SkeletalReduction
LogPluginManager: Mounting plugin GeometryMode
LogPluginManager: Mounting plugin Niagara
LogPluginManager: Mounting plugin TextureFormatOodle
LogPluginManager: Mounting plugin UObjectPlugin
LogPluginManager: Mounting plugin VisualStudioCodeSourceCodeAccess
LogPluginManager: Mounting plugin XCodeSourceCodeAccess
LogPluginManager: Mounting plugin LuminPlatformFeatures
LogPluginManager: Mounting plugin MagicLeap
LogPluginManager: Mounting plugin MagicLeapLightEstimation
LogPluginManager: Mounting plugin MagicLeapMedia
LogPluginManager: Mounting plugin MagicLeapPassableWorld
LogPluginManager: Mounting plugin MLSDK
LogPluginManager: Mounting plugin AndroidMedia
LogPluginManager: Mounting plugin AvfMedia
LogPluginManager: Mounting plugin ImgMedia
LogPluginManager: Mounting plugin MediaCompositing
LogPluginManager: Mounting plugin MediaPlayerEditor
LogPluginManager: Mounting plugin WebMMedia
LogPluginManager: Mounting plugin WmfMedia
LogPluginManager: Mounting plugin TcpMessaging
LogPluginManager: Mounting plugin UdpMessaging
LogPluginManager: Mounting plugin ActorSequence
LogPluginManager: Mounting plugin LevelSequenceEditor
LogPluginManager: Mounting plugin MatineeToLevelSequence
LogPluginManager: Mounting plugin TemplateSequence
LogPluginManager: Mounting plugin OnlineSubsystem
LogPluginManager: Mounting plugin OnlineSubsystemNull
LogPluginManager: Mounting plugin OnlineSubsystemUtils
LogPluginManager: Mounting plugin LauncherChunkInstaller
LogPluginManager: Mounting plugin ActorLayerUtilities
LogPluginManager: Mounting plugin AndroidDeviceProfileSelector
LogPluginManager: Mounting plugin AndroidMoviePlayer
LogPluginManager: Mounting plugin AndroidPermission
LogPluginManager: Mounting plugin AppleMoviePlayer
LogPluginManager: Mounting plugin ArchVisCharacter
LogPluginManager: Mounting plugin AssetTags
LogPluginManager: Mounting plugin AudioCapture
LogPluginManager: Mounting plugin AppleImageUtils
LogPluginManager: Mounting plugin AudioSynesthesia
LogPluginManager: Mounting plugin CableComponent
LogPluginManager: Mounting plugin ChunkDownloader
LogPluginManager: Mounting plugin CustomMeshComponent
LogPluginManager: Mounting plugin EditableMesh
LogPluginManager: Mounting plugin GoogleCloudMessaging
LogPluginManager: Mounting plugin GooglePAD
LogPluginManager: Mounting plugin ExampleDeviceProfileSelector
LogPluginManager: Mounting plugin IOSDeviceProfileSelector
LogPluginManager: Mounting plugin LinuxDeviceProfileSelector
LogPluginManager: Mounting plugin LocationServicesBPLibrary
LogPluginManager: Mounting plugin MobilePatchingUtils
LogPluginManager: Mounting plugin OpenXR
LogPluginManager: Mounting plugin OpenXREyeTracker
LogPluginManager: Mounting plugin OpenXRHandTracking
LogPluginManager: Mounting plugin PhysXVehicles
LogPluginManager: Mounting plugin PostSplashScreen
LogPluginManager: Mounting plugin ProceduralMeshComponent
LogPluginManager: Mounting plugin PropertyAccessEditor
LogPluginManager: Mounting plugin RuntimePhysXCooking
LogPluginManager: Mounting plugin SignificanceManager
LogPluginManager: Mounting plugin SoundFields
LogPluginManager: Mounting plugin Synthesis
LogPluginManager: Mounting plugin WebMMoviePlayer
LogPluginManager: Mounting plugin WindowsMoviePlayer
LogPluginManager: Mounting plugin ScreenshotTools
LogPluginManager: Mounting plugin Takes
LogPluginManager: Mounting plugin VisualStudioSourceCodeAccess
LogPluginManager: Mounting plugin ContentBrowserClassDataSource
LogPluginManager: Mounting plugin ContentBrowserFileDataSource
LogPluginManager: Mounting plugin ContentBrowserAssetDataSource
LogPluginManager: Mounting plugin OnlineSubsystemGooglePlay
LogPluginManager: Mounting plugin OnlineSubsystemIOS
LogPluginManager: Mounting plugin OculusVR
LogPluginManager: Mounting plugin SteamVR
PixWinPlugin: PIX capture plugin failed to initialize! Check that the process is launched from PIX.
LogInit: Using libcurl 7.55.1-DEV
LogInit:  - built for x86_64-pc-win32
LogInit:  - supports SSL with OpenSSL/1.1.1
LogInit:  - supports HTTP deflate (compression) using libz 1.2.8
LogInit:  - other features:
LogInit:      CURL_VERSION_SSL
LogInit:      CURL_VERSION_LIBZ
LogInit:      CURL_VERSION_IPV6
LogInit:      CURL_VERSION_ASYNCHDNS
LogInit:      CURL_VERSION_LARGEFILE
LogInit:      CURL_VERSION_IDN
LogInit:  CurlRequestOptions (configurable via config and command line):
LogInit:  - bVerifyPeer = true  - Libcurl will verify peer certificate
LogInit:  - bUseHttpProxy = false  - Libcurl will NOT use HTTP proxy
LogInit:  - bDontReuseConnections = false  - Libcurl will reuse connections
LogInit:  - MaxHostConnections = 16  - Libcurl will limit the number of connections to a host
LogInit:  - LocalHostAddr = Default
LogInit:  - BufferSize = 65536
LogOnline: OSS: Creating online subsystem instance for: NULL
LogInit: WinSock: version 1.1 (2.2), MaxSocks=32767, MaxUdp=65467
LogOnline: OSS: TryLoadSubsystemAndSetDefault: Loaded subsystem for module [NULL]
LogOculusPluginWrapper: OculusPlugin initialized successfully
LogHMD: Failed initializing OVRPlugin 1.59.0
LogInit: Build: ++UE4+Release-4.27-CL-18319896
LogInit: Engine Version: 4.27.2-18319896+++UE4+Release-4.27
LogInit: Compatible Engine Version: 4.27.0-17155196+++UE4+Release-4.27
LogInit: Net CL: 17155196
LogInit: OS: Windows 10 (Release 2009) (), CPU: AMD Ryzen 5 4500U with Radeon Graphics         , GPU: AMD Radeon(TM) Graphics
LogInit: Compiled (64-bit): Nov 30 2021 07:12:08
LogInit: Compiled with Visual C++: 19.24.28315.00
LogInit: Build Configuration: Development
LogInit: Branch Name: ++UE4+Release-4.27
LogInit: Command Line:  /Game/Maps/MainMenuMap -game -PIEVIACONSOLE -Multiprocess GameUserSettingsINI=C:/Users/Вова/Desktop/BlackHole/Saved/Config/Windows/PIEGameUserSettings0.ini -MultiprocessSaveConfig -forcepassthrough -messaging -SessionName="Play in Standalone Game" -windowed -WinX=320 -WinY=180 SAVEWINPOS=1 -ResX=1290 -ResY=760
LogInit: Base Directory: C:/Program Files/Epic Games/UE_4.27/Engine/Binaries/Win64/
LogInit: Allocator: TBB
LogInit: Installed Engine Build: 1
LogDevObjectVersion: Number of dev versions registered: 29
LogDevObjectVersion:   Dev-Blueprints (B0D832E4-1F89-4F0D-ACCF-7EB736FD4AA2): 10
LogDevObjectVersion:   Dev-Build (E1C64328-A22C-4D53-A36C-8E866417BD8C): 0
LogDevObjectVersion:   Dev-Core (375EC13C-06E4-48FB-B500-84F0262A717E): 4
LogDevObjectVersion:   Dev-Editor (E4B068ED-F494-42E9-A231-DA0B2E46BB41): 40
LogDevObjectVersion:   Dev-Framework (CFFC743F-43B0-4480-9391-14DF171D2073): 37
LogDevObjectVersion:   Dev-Mobile (B02B49B5-BB20-44E9-A304-32B752E40360): 3
LogDevObjectVersion:   Dev-Networking (A4E4105C-59A1-49B5-A7C5-40C4547EDFEE): 0
LogDevObjectVersion:   Dev-Online (39C831C9-5AE6-47DC-9A44-9C173E1C8E7C): 0
LogDevObjectVersion:   Dev-Physics (78F01B33-EBEA-4F98-B9B4-84EACCB95AA2): 14
LogDevObjectVersion:   Dev-Platform (6631380F-2D4D-43E0-8009-CF276956A95A): 0
LogDevObjectVersion:   Dev-Rendering (12F88B9F-8875-4AFC-A67C-D90C383ABD29): 45
LogDevObjectVersion:   Dev-Sequencer (7B5AE74C-D270-4C10-A958-57980B212A5A): 13
LogDevObjectVersion:   Dev-VR (D7296918-1DD6-4BDD-9DE2-64A83CC13884): 3
LogDevObjectVersion:   Dev-LoadTimes (C2A15278-BFE7-4AFE-6C17-90FF531DF755): 1
LogDevObjectVersion:   Private-Geometry (6EACA3D4-40EC-4CC1-B786-8BED09428FC5): 3
LogDevObjectVersion:   Dev-AnimPhys (29E575DD-E0A3-4627-9D10-D276232CDCEA): 17
LogDevObjectVersion:   Dev-Anim (AF43A65D-7FD3-4947-9873-3E8ED9C1BB05): 15
LogDevObjectVersion:   Dev-ReflectionCapture (6B266CEC-1EC7-4B8F-A30B-E4D90942FC07): 1
LogDevObjectVersion:   Dev-Automation (0DF73D61-A23F-47EA-B727-89E90C41499A): 1
LogDevObjectVersion:   FortniteMain (601D1886-AC64-4F84-AA16-D3DE0DEAC7D6): 47
LogDevObjectVersion:   FortniteRelease (E7086368-6B23-4C58-8439-1B7016265E91): 1
LogDevObjectVersion:   Dev-Enterprise (9DFFBCD6-494F-0158-E221-12823C92A888): 10
LogDevObjectVersion:   Dev-Niagara (F2AED0AC-9AFE-416F-8664-AA7FFA26D6FC): 1
LogDevObjectVersion:   Dev-Destruction (174F1F0B-B4C6-45A5-B13F-2EE8D0FB917D): 10
LogDevObjectVersion:   Dev-Physics-Ext (35F94A83-E258-406C-A318-09F59610247C): 41
LogDevObjectVersion:   Dev-PhysicsMaterial-Chaos (B68FC16E-8B1B-42E2-B453-215C058844FE): 1
LogDevObjectVersion:   Dev-CineCamera (B2E18506-4273-CFC2-A54E-F4BB758BBA07): 1
LogDevObjectVersion:   Dev-VirtualProduction (64F58936-FD1B-42BA-BA96-7289D5D0FA4E): 1
LogDevObjectVersion:   Dev-MediaFramework (6F0ED827-A609-4895-9C91-998D90180EA4): 2
LogInit: Presizing for max 25165824 objects, including 0 objects not considered by GC, pre-allocating 0 bytes for permanent pool.
LogConfig: Applying CVar settings from Section [/Script/Engine.StreamingSettings] File [C:/Users/Вова/Desktop/BlackHole/Saved/Config/Windows/Engine.ini]
LogConfig: Setting CVar [[s.MinBulkDataSizeForAsyncLoading:131072]]
LogConfig: Setting CVar [[s.AsyncLoadingThreadEnabled:0]]
LogConfig: Setting CVar [[s.EventDrivenLoaderEnabled:1]]
LogConfig: Setting CVar [[s.WarnIfTimeLimitExceeded:0]]
LogConfig: Setting CVar [[s.TimeLimitExceededMultiplier:1.5]]
LogConfig: Setting CVar [[s.TimeLimitExceededMinTime:0.005]]
LogConfig: Setting CVar [[s.UseBackgroundLevelStreaming:1]]
LogConfig: Setting CVar [[s.PriorityAsyncLoadingExtraTime:15.0]]
LogConfig: Setting CVar [[s.LevelStreamingActorsUpdateTimeLimit:5.0]]
LogConfig: Setting CVar [[s.PriorityLevelStreamingActorsUpdateExtraTime:5.0]]
LogConfig: Setting CVar [[s.LevelStreamingComponentsRegistrationGranularity:10]]
LogConfig: Setting CVar [[s.UnregisterComponentsTimeLimit:1.0]]
LogConfig: Setting CVar [[s.LevelStreamingComponentsUnregistrationGranularity:5]]
LogConfig: Setting CVar [[s.FlushStreamingOnExit:1]]
LogInit: Object subsystem initialized
LogConfig: Setting CVar [[con.DebugEarlyDefault:1]]
LogConfig: Setting CVar [[r.setres:1280x720]]
[2023.11.24-11.56.29:085][  0]LogConfig: Setting CVar [[con.DebugEarlyDefault:1]]
[2023.11.24-11.56.29:085][  0]LogConfig: Setting CVar [[r.setres:1280x720]]
[2023.11.24-11.56.29:085][  0]LogConfig: Applying CVar settings from Section [/Script/Engine.RendererSettings] File [C:/Users/Вова/Desktop/BlackHole/Saved/Config/Windows/Engine.ini]
[2023.11.24-11.56.29:085][  0]LogConfig: Setting CVar [[r.GPUCrashDebugging:0]]
[2023.11.24-11.56.29:085][  0]LogConfig: Applying CVar settings from Section [/Script/Engine.RendererOverrideSettings] File [C:/Users/Вова/Desktop/BlackHole/Saved/Config/Windows/Engine.ini]
[2023.11.24-11.56.29:085][  0]LogConfig: Applying CVar settings from Section [/Script/Engine.StreamingSettings] File [C:/Users/Вова/Desktop/BlackHole/Saved/Config/Windows/Engine.ini]
[2023.11.24-11.56.29:085][  0]LogConfig: Setting CVar [[s.MinBulkDataSizeForAsyncLoading:131072]]
[2023.11.24-11.56.29:085][  0]LogConfig: Setting CVar [[s.AsyncLoadingThreadEnabled:0]]
[2023.11.24-11.56.29:085][  0]LogConfig: Setting CVar [[s.EventDrivenLoaderEnabled:1]]
[2023.11.24-11.56.29:085][  0]LogConfig: Setting CVar [[s.WarnIfTimeLimitExceeded:0]]
[2023.11.24-11.56.29:085][  0]LogConfig: Setting CVar [[s.TimeLimitExceededMultiplier:1.5]]
[2023.11.24-11.56.29:085][  0]LogConfig: Setting CVar [[s.TimeLimitExceededMinTime:0.005]]
[2023.11.24-11.56.29:085][  0]LogConfig: Setting CVar [[s.UseBackgroundLevelStreaming:1]]
[2023.11.24-11.56.29:085][  0]LogConfig: Setting CVar [[s.PriorityAsyncLoadingExtraTime:15.0]]
[2023.11.24-11.56.29:085][  0]LogConfig: Setting CVar [[s.LevelStreamingActorsUpdateTimeLimit:5.0]]
[2023.11.24-11.56.29:085][  0]LogConfig: Setting CVar [[s.PriorityLevelStreamingActorsUpdateExtraTime:5.0]]
[2023.11.24-11.56.29:085][  0]LogConfig: Setting CVar [[s.LevelStreamingComponentsRegistrationGranularity:10]]
[2023.11.24-11.56.29:085][  0]LogConfig: Setting CVar [[s.UnregisterComponentsTimeLimit:1.0]]
[2023.11.24-11.56.29:085][  0]LogConfig: Setting CVar [[s.LevelStreamingComponentsUnregistrationGranularity:5]]
[2023.11.24-11.56.29:085][  0]LogConfig: Setting CVar [[s.FlushStreamingOnExit:1]]
[2023.11.24-11.56.29:085][  0]LogConfig: Applying CVar settings from Section [/Script/Engine.GarbageCollectionSettings] File [C:/Users/Вова/Desktop/BlackHole/Saved/Config/Windows/Engine.ini]
[2023.11.24-11.56.29:085][  0]LogConfig: Setting CVar [[gc.MaxObjectsNotConsideredByGC:1]]
[2023.11.24-11.56.29:085][  0]LogConfig: Setting CVar [[gc.SizeOfPermanentObjectPool:0]]
[2023.11.24-11.56.29:085][  0]LogConfig: Setting CVar [[gc.FlushStreamingOnGC:0]]
[2023.11.24-11.56.29:085][  0]LogConfig: Setting CVar [[gc.NumRetriesBeforeForcingGC:10]]
[2023.11.24-11.56.29:085][  0]LogConfig: Setting CVar [[gc.AllowParallelGC:1]]
[2023.11.24-11.56.29:085][  0]LogConfig: Setting CVar [[gc.TimeBetweenPurgingPendingKillObjects:61.1]]
[2023.11.24-11.56.29:085][  0]LogConfig: Setting CVar [[gc.MaxObjectsInEditor:25165824]]
[2023.11.24-11.56.29:085][  0]LogConfig: Setting CVar [[gc.IncrementalBeginDestroyEnabled:1]]
[2023.11.24-11.56.29:085][  0]LogConfig: Setting CVar [[gc.CreateGCClusters:1]]
[2023.11.24-11.56.29:085][  0]LogConfig: Setting CVar [[gc.MinGCClusterSize:5]]
[2023.11.24-11.56.29:085][  0]LogConfig: Setting CVar [[gc.ActorClusteringEnabled:0]]
[2023.11.24-11.56.29:085][  0]LogConfig: Setting CVar [[gc.BlueprintClusteringEnabled:0]]
[2023.11.24-11.56.29:085][  0]LogConfig: Setting CVar [[gc.UseDisregardForGCOnDedicatedServers:0]]
[2023.11.24-11.56.29:085][  0]LogConfig: Setting CVar [[gc.MultithreadedDestructionEnabled:1]]
[2023.11.24-11.56.29:085][  0]LogConfig: Applying CVar settings from Section [/Script/Engine.NetworkSettings] File [C:/Users/Вова/Desktop/BlackHole/Saved/Config/Windows/Engine.ini]
[2023.11.24-11.56.29:085][  0]LogConfig: Applying CVar settings from Section [/Script/UnrealEd.CookerSettings] File [C:/Users/Вова/Desktop/BlackHole/Saved/Config/Windows/Engine.ini]
[2023.11.24-11.56.29:092][  0]LogConfig: Applying CVar settings from Section [ViewDistanceQuality@3] File [C:/Users/Вова/Desktop/BlackHole/Saved/Config/Windows/Scalability.ini]
[2023.11.24-11.56.29:092][  0]LogConfig: Setting CVar [[r.SkeletalMeshLODBias:0]]
[2023.11.24-11.56.29:092][  0]LogConfig: Setting CVar [[r.ViewDistanceScale:1.0]]
[2023.11.24-11.56.29:092][  0]LogConfig: Applying CVar settings from Section [AntiAliasingQuality@3] File [C:/Users/Вова/Desktop/BlackHole/Saved/Config/Windows/Scalability.ini]
[2023.11.24-11.56.29:092][  0]LogConfig: Setting CVar [[r.PostProcessAAQuality:4]]
[2023.11.24-11.56.29:092][  0]LogConfig: Applying CVar settings from Section [ShadowQuality@3] File [C:/Users/Вова/Desktop/BlackHole/Saved/Config/Windows/Scalability.ini]
[2023.11.24-11.56.29:092][  0]LogConfig: Setting CVar [[r.LightFunctionQuality:1]]
[2023.11.24-11.56.29:092][  0]LogConfig: Setting CVar [[r.ShadowQuality:5]]
[2023.11.24-11.56.29:092][  0]LogConfig: Setting CVar [[r.Shadow.CSM.MaxCascades:10]]
[2023.11.24-11.56.29:092][  0]LogConfig: Setting CVar [[r.Shadow.MaxResolution:2048]]
[2023.11.24-11.56.29:092][  0]LogConfig: Setting CVar [[r.Shadow.MaxCSMResolution:2048]]
[2023.11.24-11.56.29:092][  0]LogConfig: Setting CVar [[r.Shadow.RadiusThreshold:0.01]]
[2023.11.24-11.56.29:092][  0]LogConfig: Setting CVar [[r.Shadow.DistanceScale:1.0]]
[2023.11.24-11.56.29:092][  0]LogConfig: Setting CVar [[r.Shadow.CSM.TransitionScale:1.0]]
[2023.11.24-11.56.29:092][  0]LogConfig: Setting CVar [[r.Shadow.PreShadowResolutionFactor:1.0]]
[2023.11.24-11.56.29:092][  0]LogConfig: Setting CVar [[r.DistanceFieldShadowing:1]]
[2023.11.24-11.56.29:092][  0]LogConfig: Setting CVar [[r.DistanceFieldAO:1]]
[2023.11.24-11.56.29:092][  0]LogConfig: Setting CVar [[r.AOQuality:2]]
[2023.11.24-11.56.29:092][  0]LogConfig: Setting CVar [[r.VolumetricFog:1]]
[2023.11.24-11.56.29:092][  0]LogConfig: Setting CVar [[r.VolumetricFog.GridPixelSize:8]]
[2023.11.24-11.56.29:092][  0]LogConfig: Setting CVar [[r.VolumetricFog.GridSizeZ:128]]
[2023.11.24-11.56.29:092][  0]LogConfig: Setting CVar [[r.VolumetricFog.HistoryMissSupersampleCount:4]]
[2023.11.24-11.56.29:092][  0]LogConfig: Setting CVar [[r.LightMaxDrawDistanceScale:1]]
[2023.11.24-11.56.29:092][  0]LogConfig: Setting CVar [[r.CapsuleShadows:1]]
[2023.11.24-11.56.29:092][  0]LogConfig: Applying CVar settings from Section [PostProcessQuality@3] File [C:/Users/Вова/Desktop/BlackHole/Saved/Config/Windows/Scalability.ini]
[2023.11.24-11.56.29:092][  0]LogConfig: Setting CVar [[r.MotionBlurQuality:4]]
[2023.11.24-11.56.29:092][  0]LogConfig: Setting CVar [[r.AmbientOcclusionMipLevelFactor:0.4]]
[2023.11.24-11.56.29:092][  0]LogConfig: Setting CVar [[r.AmbientOcclusionMaxQuality:100]]
[2023.11.24-11.56.29:092][  0]LogConfig: Setting CVar [[r.AmbientOcclusionLevels:-1]]
[2023.11.24-11.56.29:092][  0]LogConfig: Setting CVar [[r.AmbientOcclusionRadiusScale:1.0]]
[2023.11.24-11.56.29:092][  0]LogConfig: Setting CVar [[r.DepthOfFieldQuality:2]]
[2023.11.24-11.56.29:092][  0]LogConfig: Setting CVar [[r.RenderTargetPoolMin:400]]
[2023.11.24-11.56.29:092][  0]LogConfig: Setting CVar [[r.LensFlareQuality:2]]
[2023.11.24-11.56.29:092][  0]LogConfig: Setting CVar [[r.SceneColorFringeQuality:1]]
[2023.11.24-11.56.29:092][  0]LogConfig: Setting CVar [[r.EyeAdaptationQuality:2]]
[2023.11.24-11.56.29:092][  0]LogConfig: Setting CVar [[r.BloomQuality:5]]
[2023.11.24-11.56.29:092][  0]LogConfig: Setting CVar [[r.FastBlurThreshold:100]]
[2023.11.24-11.56.29:092][  0]LogConfig: Setting CVar [[r.Upscale.Quality:3]]
[2023.11.24-11.56.29:092][  0]LogConfig: Setting CVar [[r.Tonemapper.GrainQuantization:1]]
[2023.11.24-11.56.29:092][  0]LogConfig: Setting CVar [[r.LightShaftQuality:1]]
[2023.11.24-11.56.29:093][  0]LogConfig: Setting CVar [[r.Filter.SizeScale:1]]
[2023.11.24-11.56.29:093][  0]LogConfig: Setting CVar [[r.Tonemapper.Quality:5]]
[2023.11.24-11.56.29:093][  0]LogConfig: Setting CVar [[r.DOF.Gather.AccumulatorQuality:1        ; higher gathering accumulator quality]]
[2023.11.24-11.56.29:093][  0]LogConfig: Setting CVar [[r.DOF.Gather.PostfilterMethod:1          ; Median3x3 postfilering method]]
[2023.11.24-11.56.29:093][  0]LogConfig: Setting CVar [[r.DOF.Gather.EnableBokehSettings:0       ; no bokeh simulation when gathering]]
[2023.11.24-11.56.29:093][  0]LogConfig: Setting CVar [[r.DOF.Gather.RingCount:4                 ; medium number of samples when gathering]]
[2023.11.24-11.56.29:093][  0]LogConfig: Setting CVar [[r.DOF.Scatter.ForegroundCompositing:1    ; additive foreground scattering]]
[2023.11.24-11.56.29:093][  0]LogConfig: Setting CVar [[r.DOF.Scatter.BackgroundCompositing:2    ; additive background scattering]]
[2023.11.24-11.56.29:093][  0]LogConfig: Setting CVar [[r.DOF.Scatter.EnableBokehSettings:1      ; bokeh simulation when scattering]]
[2023.11.24-11.56.29:093][  0]LogConfig: Setting CVar [[r.DOF.Scatter.MaxSpriteRatio:0.1         ; only a maximum of 10% of scattered bokeh]]
[2023.11.24-11.56.29:093][  0]LogConfig: Setting CVar [[r.DOF.Recombine.Quality:1                ; cheap slight out of focus]]
[2023.11.24-11.56.29:093][  0]LogConfig: Setting CVar [[r.DOF.Recombine.EnableBokehSettings:0    ; no bokeh simulation on slight out of focus]]
[2023.11.24-11.56.29:093][  0]LogConfig: Setting CVar [[r.DOF.TemporalAAQuality:1                ; more stable temporal accumulation]]
[2023.11.24-11.56.29:093][  0]LogConfig: Setting CVar [[r.DOF.Kernel.MaxForegroundRadius:0.025]]
[2023.11.24-11.56.29:093][  0]LogConfig: Setting CVar [[r.DOF.Kernel.MaxBackgroundRadius:0.025]]
[2023.11.24-11.56.29:093][  0]LogConfig: Applying CVar settings from Section [TextureQuality@3] File [C:/Users/Вова/Desktop/BlackHole/Saved/Config/Windows/Scalability.ini]
[2023.11.24-11.56.29:093][  0]LogConfig: Setting CVar [[r.Streaming.MipBias:0]]
[2023.11.24-11.56.29:093][  0]LogConfig: Setting CVar [[r.Streaming.AmortizeCPUToGPUCopy:0]]
[2023.11.24-11.56.29:093][  0]LogConfig: Setting CVar [[r.Streaming.MaxNumTexturesToStreamPerFrame:0]]
[2023.11.24-11.56.29:093][  0]LogConfig: Setting CVar [[r.Streaming.Boost:1]]
[2023.11.24-11.56.29:093][  0]LogConfig: Setting CVar [[r.MaxAnisotropy:8]]
[2023.11.24-11.56.29:093][  0]LogConfig: Setting CVar [[r.VT.MaxAnisotropy:8]]
[2023.11.24-11.56.29:093][  0]LogConfig: Setting CVar [[r.Streaming.LimitPoolSizeToVRAM:0]]
[2023.11.24-11.56.29:093][  0]LogConfig: Setting CVar [[r.Streaming.PoolSize:1000]]
[2023.11.24-11.56.29:093][  0]LogConfig: Setting CVar [[r.Streaming.MaxEffectiveScreenSize:0]]
[2023.11.24-11.56.29:093][  0]LogConfig: Applying CVar settings from Section [EffectsQuality@3] File [C:/Users/Вова/Desktop/BlackHole/Saved/Config/Windows/Scalability.ini]
[2023.11.24-11.56.29:093][  0]LogConfig: Setting CVar [[r.TranslucencyLightingVolumeDim:64]]
[2023.11.24-11.56.29:093][  0]LogConfig: Setting CVar [[r.RefractionQuality:2]]
[2023.11.24-11.56.29:093][  0]LogConfig: Setting CVar [[r.SSR.Quality:3]]
[2023.11.24-11.56.29:093][  0]LogConfig: Setting CVar [[r.SSR.HalfResSceneColor:0]]
[2023.11.24-11.56.29:093][  0]LogConfig: Setting CVar [[r.SceneColorFormat:4]]
[2023.11.24-11.56.29:093][  0]LogConfig: Setting CVar [[r.DetailMode:2]]
[2023.11.24-11.56.29:093][  0]LogConfig: Setting CVar [[r.TranslucencyVolumeBlur:1]]
[2023.11.24-11.56.29:093][  0]LogConfig: Setting CVar [[r.MaterialQualityLevel:1 ; High quality]]
[2023.11.24-11.56.29:093][  0]LogConfig: Setting CVar [[r.AnisotropicMaterials:1]]
[2023.11.24-11.56.29:093][  0]LogConfig: Setting CVar [[r.SSS.Scale:1]]
[2023.11.24-11.56.29:093][  0]LogConfig: Setting CVar [[r.SSS.SampleSet:2]]
[2023.11.24-11.56.29:093][  0]LogConfig: Setting CVar [[r.SSS.Quality:1]]
[2023.11.24-11.56.29:093][  0]LogConfig: Setting CVar [[r.SSS.HalfRes:0]]
[2023.11.24-11.56.29:093][  0]LogConfig: Setting CVar [[r.SSGI.Quality:3]]
[2023.11.24-11.56.29:093][  0]LogConfig: Setting CVar [[r.EmitterSpawnRateScale:1.0]]
[2023.11.24-11.56.29:093][  0]LogConfig: Setting CVar [[r.ParticleLightQuality:2]]
[2023.11.24-11.56.29:093][  0]LogConfig: Setting CVar [[r.SkyAtmosphere.AerialPerspectiveLUT.FastApplyOnOpaque:1 ; Always have FastSkyLUT 1 in this case to avoid wrong sky]]
[2023.11.24-11.56.29:093][  0]LogConfig: Setting CVar [[r.SkyAtmosphere.AerialPerspectiveLUT.SampleCountMaxPerSlice:4]]
[2023.11.24-11.56.29:093][  0]LogConfig: Setting CVar [[r.SkyAtmosphere.AerialPerspectiveLUT.DepthResolution:16.0]]
[2023.11.24-11.56.29:093][  0]LogConfig: Setting CVar [[r.SkyAtmosphere.FastSkyLUT:1]]
[2023.11.24-11.56.29:093][  0]LogConfig: Setting CVar [[r.SkyAtmosphere.FastSkyLUT.SampleCountMin:4.0]]
[2023.11.24-11.56.29:093][  0]LogConfig: Setting CVar [[r.SkyAtmosphere.FastSkyLUT.SampleCountMax:128.0]]
[2023.11.24-11.56.29:093][  0]LogConfig: Setting CVar [[r.SkyAtmosphere.SampleCountMin:4.0]]
[2023.11.24-11.56.29:093][  0]LogConfig: Setting CVar [[r.SkyAtmosphere.SampleCountMax:128.0]]
[2023.11.24-11.56.29:093][  0]LogConfig: Setting CVar [[r.SkyAtmosphere.TransmittanceLUT.UseSmallFormat:0]]
[2023.11.24-11.56.29:093][  0]LogConfig: Setting CVar [[r.SkyAtmosphere.TransmittanceLUT.SampleCount:10.0]]
[2023.11.24-11.56.29:093][  0]LogConfig: Setting CVar [[r.SkyAtmosphere.MultiScatteringLUT.SampleCount:15.0]]
[2023.11.24-11.56.29:093][  0]LogConfig: Setting CVar [[r.SkyLight.RealTimeReflectionCapture:1]]
[2023.11.24-11.56.29:093][  0]LogConfig: Applying CVar settings from Section [FoliageQuality@3] File [C:/Users/Вова/Desktop/BlackHole/Saved/Config/Windows/Scalability.ini]
[2023.11.24-11.56.29:093][  0]LogConfig: Setting CVar [[foliage.DensityScale:1.0]]
[2023.11.24-11.56.29:093][  0]LogConfig: Setting CVar [[grass.DensityScale:1.0]]
[2023.11.24-11.56.29:093][  0]LogConfig: Applying CVar settings from Section [ShadingQuality@3] File [C:/Users/Вова/Desktop/BlackHole/Saved/Config/Windows/Scalability.ini]
[2023.11.24-11.56.29:093][  0]LogConfig: Setting CVar [[r.HairStrands.SkyLighting.IntegrationType:2]]
[2023.11.24-11.56.29:093][  0]LogConfig: Setting CVar [[r.HairStrands.SkyAO.SampleCount:4]]
[2023.11.24-11.56.29:093][  0]LogConfig: Setting CVar [[r.HairStrands.Visibility.MSAA.SamplePerPixel:4]]
[2023.11.24-11.56.29:093][  0]LogInit: Selected Device Profile: [Windows]
[2023.11.24-11.56.29:093][  0]LogInit: Applying CVar settings loaded from the selected device profile: [Windows]
[2023.11.24-11.56.29:093][  0]LogHAL: Display: Platform has ~ 8 GB [7916019712 / 8589934592 / 8], which maps to Default [LargestMinGB=32, LargerMinGB=12, DefaultMinGB=8, SmallerMinGB=6, SmallestMinGB=0)
[2023.11.24-11.56.29:093][  0]LogInit: Going up to parent DeviceProfile []
[2023.11.24-11.56.29:093][  0]LogConfig: Applying CVar settings from Section [ViewDistanceQuality@3] File [C:/Users/Вова/Desktop/BlackHole/Saved/Config/Windows/Scalability.ini]
[2023.11.24-11.56.29:093][  0]LogConfig: Setting CVar [[r.SkeletalMeshLODBias:0]]
[2023.11.24-11.56.29:093][  0]LogConfig: Setting CVar [[r.ViewDistanceScale:1.0]]
[2023.11.24-11.56.29:093][  0]LogConfig: Applying CVar settings from Section [AntiAliasingQuality@3] File [C:/Users/Вова/Desktop/BlackHole/Saved/Config/Windows/Scalability.ini]
[2023.11.24-11.56.29:093][  0]LogConfig: Setting CVar [[r.PostProcessAAQuality:4]]
[2023.11.24-11.56.29:093][  0]LogConfig: Applying CVar settings from Section [ShadowQuality@3] File [C:/Users/Вова/Desktop/BlackHole/Saved/Config/Windows/Scalability.ini]
[2023.11.24-11.56.29:093][  0]LogConfig: Setting CVar [[r.LightFunctionQuality:1]]
[2023.11.24-11.56.29:093][  0]LogConfig: Setting CVar [[r.ShadowQuality:5]]
[2023.11.24-11.56.29:093][  0]LogConfig: Setting CVar [[r.Shadow.CSM.MaxCascades:10]]
[2023.11.24-11.56.29:094][  0]LogConfig: Setting CVar [[r.Shadow.MaxResolution:2048]]
[2023.11.24-11.56.29:094][  0]LogConfig: Setting CVar [[r.Shadow.MaxCSMResolution:2048]]
[2023.11.24-11.56.29:094][  0]LogConfig: Setting CVar [[r.Shadow.RadiusThreshold:0.01]]
[2023.11.24-11.56.29:094][  0]LogConfig: Setting CVar [[r.Shadow.DistanceScale:1.0]]
[2023.11.24-11.56.29:094][  0]LogConfig: Setting CVar [[r.Shadow.CSM.TransitionScale:1.0]]
[2023.11.24-11.56.29:094][  0]LogConfig: Setting CVar [[r.Shadow.PreShadowResolutionFactor:1.0]]
[2023.11.24-11.56.29:094][  0]LogConfig: Setting CVar [[r.DistanceFieldShadowing:1]]
[2023.11.24-11.56.29:094][  0]LogConfig: Setting CVar [[r.DistanceFieldAO:1]]
[2023.11.24-11.56.29:094][  0]LogConfig: Setting CVar [[r.AOQuality:2]]
[2023.11.24-11.56.29:094][  0]LogConfig: Setting CVar [[r.VolumetricFog:1]]
[2023.11.24-11.56.29:094][  0]LogConfig: Setting CVar [[r.VolumetricFog.GridPixelSize:8]]
[2023.11.24-11.56.29:094][  0]LogConfig: Setting CVar [[r.VolumetricFog.GridSizeZ:128]]
[2023.11.24-11.56.29:094][  0]LogConfig: Setting CVar [[r.VolumetricFog.HistoryMissSupersampleCount:4]]
[2023.11.24-11.56.29:094][  0]LogConfig: Setting CVar [[r.LightMaxDrawDistanceScale:1]]
[2023.11.24-11.56.29:094][  0]LogConfig: Setting CVar [[r.CapsuleShadows:1]]
[2023.11.24-11.56.29:094][  0]LogConfig: Applying CVar settings from Section [PostProcessQuality@3] File [C:/Users/Вова/Desktop/BlackHole/Saved/Config/Windows/Scalability.ini]
[2023.11.24-11.56.29:094][  0]LogConfig: Setting CVar [[r.MotionBlurQuality:4]]
[2023.11.24-11.56.29:094][  0]LogConfig: Setting CVar [[r.AmbientOcclusionMipLevelFactor:0.4]]
[2023.11.24-11.56.29:094][  0]LogConfig: Setting CVar [[r.AmbientOcclusionMaxQuality:100]]
[2023.11.24-11.56.29:094][  0]LogConfig: Setting CVar [[r.AmbientOcclusionLevels:-1]]
[2023.11.24-11.56.29:094][  0]LogConfig: Setting CVar [[r.AmbientOcclusionRadiusScale:1.0]]
[2023.11.24-11.56.29:094][  0]LogConfig: Setting CVar [[r.DepthOfFieldQuality:2]]
[2023.11.24-11.56.29:094][  0]LogConfig: Setting CVar [[r.RenderTargetPoolMin:400]]
[2023.11.24-11.56.29:094][  0]LogConfig: Setting CVar [[r.LensFlareQuality:2]]
[2023.11.24-11.56.29:094][  0]LogConfig: Setting CVar [[r.SceneColorFringeQuality:1]]
[2023.11.24-11.56.29:094][  0]LogConfig: Setting CVar [[r.EyeAdaptationQuality:2]]
[2023.11.24-11.56.29:094][  0]LogConfig: Setting CVar [[r.BloomQuality:5]]
[2023.11.24-11.56.29:094][  0]LogConfig: Setting CVar [[r.FastBlurThreshold:100]]
[2023.11.24-11.56.29:094][  0]LogConfig: Setting CVar [[r.Upscale.Quality:3]]
[2023.11.24-11.56.29:094][  0]LogConfig: Setting CVar [[r.Tonemapper.GrainQuantization:1]]
[2023.11.24-11.56.29:094][  0]LogConfig: Setting CVar [[r.LightShaftQuality:1]]
[2023.11.24-11.56.29:094][  0]LogConfig: Setting CVar [[r.Filter.SizeScale:1]]
[2023.11.24-11.56.29:094][  0]LogConfig: Setting CVar [[r.Tonemapper.Quality:5]]
[2023.11.24-11.56.29:094][  0]LogConfig: Setting CVar [[r.DOF.Gather.AccumulatorQuality:1        ; higher gathering accumulator quality]]
[2023.11.24-11.56.29:094][  0]LogConfig: Setting CVar [[r.DOF.Gather.PostfilterMethod:1          ; Median3x3 postfilering method]]
[2023.11.24-11.56.29:094][  0]LogConfig: Setting CVar [[r.DOF.Gather.EnableBokehSettings:0       ; no bokeh simulation when gathering]]
[2023.11.24-11.56.29:094][  0]LogConfig: Setting CVar [[r.DOF.Gather.RingCount:4                 ; medium number of samples when gathering]]
[2023.11.24-11.56.29:094][  0]LogConfig: Setting CVar [[r.DOF.Scatter.ForegroundCompositing:1    ; additive foreground scattering]]
[2023.11.24-11.56.29:094][  0]LogConfig: Setting CVar [[r.DOF.Scatter.BackgroundCompositing:2    ; additive background scattering]]
[2023.11.24-11.56.29:094][  0]LogConfig: Setting CVar [[r.DOF.Scatter.EnableBokehSettings:1      ; bokeh simulation when scattering]]
[2023.11.24-11.56.29:094][  0]LogConfig: Setting CVar [[r.DOF.Scatter.MaxSpriteRatio:0.1         ; only a maximum of 10% of scattered bokeh]]
[2023.11.24-11.56.29:094][  0]LogConfig: Setting CVar [[r.DOF.Recombine.Quality:1                ; cheap slight out of focus]]
[2023.11.24-11.56.29:094][  0]LogConfig: Setting CVar [[r.DOF.Recombine.EnableBokehSettings:0    ; no bokeh simulation on slight out of focus]]
[2023.11.24-11.56.29:094][  0]LogConfig: Setting CVar [[r.DOF.TemporalAAQuality:1                ; more stable temporal accumulation]]
[2023.11.24-11.56.29:094][  0]LogConfig: Setting CVar [[r.DOF.Kernel.MaxForegroundRadius:0.025]]
[2023.11.24-11.56.29:094][  0]LogConfig: Setting CVar [[r.DOF.Kernel.MaxBackgroundRadius:0.025]]
[2023.11.24-11.56.29:094][  0]LogConfig: Applying CVar settings from Section [TextureQuality@3] File [C:/Users/Вова/Desktop/BlackHole/Saved/Config/Windows/Scalability.ini]
[2023.11.24-11.56.29:094][  0]LogConfig: Setting CVar [[r.Streaming.MipBias:0]]
[2023.11.24-11.56.29:094][  0]LogConfig: Setting CVar [[r.Streaming.AmortizeCPUToGPUCopy:0]]
[2023.11.24-11.56.29:094][  0]LogConfig: Setting CVar [[r.Streaming.MaxNumTexturesToStreamPerFrame:0]]
[2023.11.24-11.56.29:094][  0]LogConfig: Setting CVar [[r.Streaming.Boost:1]]
[2023.11.24-11.56.29:094][  0]LogConfig: Setting CVar [[r.MaxAnisotropy:8]]
[2023.11.24-11.56.29:094][  0]LogConfig: Setting CVar [[r.VT.MaxAnisotropy:8]]
[2023.11.24-11.56.29:094][  0]LogConfig: Setting CVar [[r.Streaming.LimitPoolSizeToVRAM:0]]
[2023.11.24-11.56.29:094][  0]LogConfig: Setting CVar [[r.Streaming.PoolSize:1000]]
[2023.11.24-11.56.29:094][  0]LogConfig: Setting CVar [[r.Streaming.MaxEffectiveScreenSize:0]]
[2023.11.24-11.56.29:094][  0]LogConfig: Applying CVar settings from Section [EffectsQuality@3] File [C:/Users/Вова/Desktop/BlackHole/Saved/Config/Windows/Scalability.ini]
[2023.11.24-11.56.29:094][  0]LogConfig: Setting CVar [[r.TranslucencyLightingVolumeDim:64]]
[2023.11.24-11.56.29:094][  0]LogConfig: Setting CVar [[r.RefractionQuality:2]]
[2023.11.24-11.56.29:094][  0]LogConfig: Setting CVar [[r.SSR.Quality:3]]
[2023.11.24-11.56.29:094][  0]LogConfig: Setting CVar [[r.SSR.HalfResSceneColor:0]]
[2023.11.24-11.56.29:094][  0]LogConfig: Setting CVar [[r.SceneColorFormat:4]]
[2023.11.24-11.56.29:094][  0]LogConfig: Setting CVar [[r.DetailMode:2]]
[2023.11.24-11.56.29:094][  0]LogConfig: Setting CVar [[r.TranslucencyVolumeBlur:1]]
[2023.11.24-11.56.29:094][  0]LogConfig: Setting CVar [[r.MaterialQualityLevel:1 ; High quality]]
[2023.11.24-11.56.29:094][  0]LogConfig: Setting CVar [[r.AnisotropicMaterials:1]]
[2023.11.24-11.56.29:094][  0]LogConfig: Setting CVar [[r.SSS.Scale:1]]
[2023.11.24-11.56.29:094][  0]LogConfig: Setting CVar [[r.SSS.SampleSet:2]]
[2023.11.24-11.56.29:094][  0]LogConfig: Setting CVar [[r.SSS.Quality:1]]
[2023.11.24-11.56.29:094][  0]LogConfig: Setting CVar [[r.SSS.HalfRes:0]]
[2023.11.24-11.56.29:094][  0]LogConfig: Setting CVar [[r.SSGI.Quality:3]]
[2023.11.24-11.56.29:094][  0]LogConfig: Setting CVar [[r.EmitterSpawnRateScale:1.0]]
[2023.11.24-11.56.29:094][  0]LogConfig: Setting CVar [[r.ParticleLightQuality:2]]
[2023.11.24-11.56.29:094][  0]LogConfig: Setting CVar [[r.SkyAtmosphere.AerialPerspectiveLUT.FastApplyOnOpaque:1 ; Always have FastSkyLUT 1 in this case to avoid wrong sky]]
[2023.11.24-11.56.29:094][  0]LogConfig: Setting CVar [[r.SkyAtmosphere.AerialPerspectiveLUT.SampleCountMaxPerSlice:4]]
[2023.11.24-11.56.29:094][  0]LogConfig: Setting CVar [[r.SkyAtmosphere.AerialPerspectiveLUT.DepthResolution:16.0]]
[2023.11.24-11.56.29:094][  0]LogConfig: Setting CVar [[r.SkyAtmosphere.FastSkyLUT:1]]
[2023.11.24-11.56.29:094][  0]LogConfig: Setting CVar [[r.SkyAtmosphere.FastSkyLUT.SampleCountMin:4.0]]
[2023.11.24-11.56.29:094][  0]LogConfig: Setting CVar [[r.SkyAtmosphere.FastSkyLUT.SampleCountMax:128.0]]
[2023.11.24-11.56.29:094][  0]LogConfig: Setting CVar [[r.SkyAtmosphere.SampleCountMin:4.0]]
[2023.11.24-11.56.29:094][  0]LogConfig: Setting CVar [[r.SkyAtmosphere.SampleCountMax:128.0]]
[2023.11.24-11.56.29:094][  0]LogConfig: Setting CVar [[r.SkyAtmosphere.TransmittanceLUT.UseSmallFormat:0]]
[2023.11.24-11.56.29:094][  0]LogConfig: Setting CVar [[r.SkyAtmosphere.TransmittanceLUT.SampleCount:10.0]]
[2023.11.24-11.56.29:094][  0]LogConfig: Setting CVar [[r.SkyAtmosphere.MultiScatteringLUT.SampleCount:15.0]]
[2023.11.24-11.56.29:094][  0]LogConfig: Setting CVar [[r.SkyLight.RealTimeReflectionCapture:1]]
[2023.11.24-11.56.29:094][  0]LogConfig: Applying CVar settings from Section [FoliageQuality@3] File [C:/Users/Вова/Desktop/BlackHole/Saved/Config/Windows/Scalability.ini]
[2023.11.24-11.56.29:094][  0]LogConfig: Setting CVar [[foliage.DensityScale:1.0]]
[2023.11.24-11.56.29:094][  0]LogConfig: Setting CVar [[grass.DensityScale:1.0]]
[2023.11.24-11.56.29:094][  0]LogConfig: Applying CVar settings from Section [ShadingQuality@3] File [C:/Users/Вова/Desktop/BlackHole/Saved/Config/Windows/Scalability.ini]
[2023.11.24-11.56.29:094][  0]LogConfig: Setting CVar [[r.HairStrands.SkyLighting.IntegrationType:2]]
[2023.11.24-11.56.29:094][  0]LogConfig: Setting CVar [[r.HairStrands.SkyAO.SampleCount:4]]
[2023.11.24-11.56.29:094][  0]LogConfig: Setting CVar [[r.HairStrands.Visibility.MSAA.SamplePerPixel:4]]
[2023.11.24-11.56.29:094][  0]LogConfig: Applying CVar settings from Section [Startup] File [../../../Engine/Config/ConsoleVariables.ini]
[2023.11.24-11.56.29:095][  0]LogConfig: Setting CVar [[net.UseAdaptiveNetUpdateFrequency:0]]
[2023.11.24-11.56.29:095][  0]LogConfig: Setting CVar [[p.chaos.AllowCreatePhysxBodies:1]]
[2023.11.24-11.56.29:095][  0]LogConfig: Setting CVar [[fx.SkipVectorVMBackendOptimizations:1]]
[2023.11.24-11.56.29:095][  0]LogConfig: Applying CVar settings from Section [ConsoleVariables] File [C:/Users/Вова/Desktop/BlackHole/Saved/Config/Windows/Engine.ini]
[2023.11.24-11.56.29:095][  0]LogConfig: Applying CVar settings from Section [ConsoleVariables] File [C:/Users/Вова/Desktop/BlackHole/Saved/Config/Windows/Editor.ini]
[2023.11.24-11.56.29:095][  0]LogInit: Computer: REDMIBOOK
[2023.11.24-11.56.29:095][  0]LogInit: User: Вова
[2023.11.24-11.56.29:095][  0]LogInit: CPU Page size=4096, Cores=6
[2023.11.24-11.56.29:095][  0]LogInit: High frequency timer resolution =10.000000 MHz
[2023.11.24-11.56.29:095][  0]LogMemory: Memory total: Physical=7.4GB (8GB approx)
[2023.11.24-11.56.29:095][  0]LogMemory: Platform Memory Stats for Windows
[2023.11.24-11.56.29:095][  0]LogMemory: Process Physical Memory: 138.55 MB used, 138.55 MB peak
[2023.11.24-11.56.29:095][  0]LogMemory: Process Virtual Memory: 109.02 MB used, 109.02 MB peak
[2023.11.24-11.56.29:095][  0]LogMemory: Physical Memory: 6714.80 MB used,  834.51 MB free, 7549.30 MB total
[2023.11.24-11.56.29:095][  0]LogMemory: Virtual Memory: 134215184.00 MB used,  2543.94 MB free, 134217728.00 MB total
[2023.11.24-11.56.29:104][  0]LogWindows: WindowsPlatformFeatures enabled
[2023.11.24-11.56.29:145][  0]LogInit: Physics initialised using underlying interface: PhysX
[2023.11.24-11.56.29:147][  0]LogInit: Using OS detected language (uk-UA).
[2023.11.24-11.56.29:147][  0]LogInit: Using OS detected locale (uk-UA).
[2023.11.24-11.56.29:151][  0]LogTextLocalizationManager: No localization for 'uk-UA' exists, so 'en' will be used for the language.
[2023.11.24-11.56.29:154][  0]LogTextLocalizationManager: No localization for 'uk-UA' exists, so 'en' will be used for the locale.
[2023.11.24-11.56.29:578][  0]LogWindowsTextInputMethodSystem: Display: IME system deactivated.
[2023.11.24-11.56.29:601][  0]LogSlate: New Slate User Created.  User Index 0, Is Virtual User: 0
[2023.11.24-11.56.29:601][  0]LogSlate: Slate User Registered.  User Index 0, Is Virtual User: 0
[2023.11.24-11.56.29:615][  0]LogD3D11RHI: Loaded GFSDK_Aftermath_Lib.x64.dll
[2023.11.24-11.56.29:621][  0]LogHMD: Failed to initialize OpenVR with code 110
[2023.11.24-11.56.29:621][  0]LogD3D11RHI: D3D11 min allowed feature level: 11_0
[2023.11.24-11.56.29:621][  0]LogD3D11RHI: D3D11 max allowed feature level: 11_0
[2023.11.24-11.56.29:621][  0]LogD3D11RHI: D3D11 adapters:
[2023.11.24-11.56.29:653][  0]LogD3D11RHI:    0. 'AMD Radeon(TM) Graphics' (Feature Level 11_0)
[2023.11.24-11.56.29:653][  0]LogD3D11RHI:       496/0/3774 MB DedicatedVideo/DedicatedSystem/SharedSystem, Outputs:1, VendorId:0x1002
[2023.11.24-11.56.29:655][  0]LogD3D11RHI:    1. 'Microsoft Basic Render Driver' (Feature Level 11_0)
[2023.11.24-11.56.29:655][  0]LogD3D11RHI:       0/0/3774 MB DedicatedVideo/DedicatedSystem/SharedSystem, Outputs:0, VendorId:0x1414
[2023.11.24-11.56.29:682][  0]LogD3D11RHI:    2. 'AMD Radeon(TM) Graphics' (Feature Level 11_0)
[2023.11.24-11.56.29:682][  0]LogD3D11RHI:       496/0/3774 MB DedicatedVideo/DedicatedSystem/SharedSystem, Outputs:0, VendorId:0x1002
[2023.11.24-11.56.29:682][  0]LogD3D11RHI: Chosen D3D11 Adapter:
[2023.11.24-11.56.29:682][  0]LogD3D11RHI:     Description : AMD Radeon(TM) Graphics
[2023.11.24-11.56.29:682][  0]LogD3D11RHI:     VendorId    : 1002
[2023.11.24-11.56.29:682][  0]LogD3D11RHI:     DeviceId    : 1636
[2023.11.24-11.56.29:682][  0]LogD3D11RHI:     SubSysId    : 19511d72
[2023.11.24-11.56.29:682][  0]LogD3D11RHI:     Revision    : 00c3
[2023.11.24-11.56.29:682][  0]LogD3D11RHI:     DedicatedVideoMemory : 520724480 bytes
[2023.11.24-11.56.29:682][  0]LogD3D11RHI:     DedicatedSystemMemory : 0 bytes
[2023.11.24-11.56.29:682][  0]LogD3D11RHI:     SharedSystemMemory : 3958009856 bytes
[2023.11.24-11.56.29:682][  0]LogD3D11RHI:     AdapterLuid : 0 62651
[2023.11.24-11.56.29:690][  0]LogD3D11RHI: Creating new Direct3DDevice
[2023.11.24-11.56.29:690][  0]LogD3D11RHI:     GPU DeviceId: 0x1636 (for the marketing name, search the web for "GPU Device Id")
[2023.11.24-11.56.29:690][  0]LogWindows: EnumDisplayDevices:
[2023.11.24-11.56.29:690][  0]LogWindows:    0. 'AMD Radeon(TM) Graphics' (P:1 D:1)
[2023.11.24-11.56.29:690][  0]LogWindows:    1. 'AMD Radeon(TM) Graphics' (P:0 D:0)
[2023.11.24-11.56.29:691][  0]LogWindows:    2. 'AMD Radeon(TM) Graphics' (P:0 D:0)
[2023.11.24-11.56.29:691][  0]LogWindows:    3. 'AMD Radeon(TM) Graphics' (P:0 D:0)
[2023.11.24-11.56.29:691][  0]LogWindows:    4. 'AMD Radeon(TM) Graphics' (P:0 D:0)
[2023.11.24-11.56.29:691][  0]LogWindows:    5. 'AMD Radeon(TM) Graphics' (P:0 D:0)
[2023.11.24-11.56.29:691][  0]LogWindows:    6. 'Parsec Virtual Display Adapter' (P:0 D:0)
[2023.11.24-11.56.29:691][  0]LogWindows:    7. 'Parsec Virtual Display Adapter' (P:0 D:0)
[2023.11.24-11.56.29:691][  0]LogWindows:    8. 'Parsec Virtual Display Adapter' (P:0 D:0)
[2023.11.24-11.56.29:691][  0]LogWindows:    9. 'Parsec Virtual Display Adapter' (P:0 D:0)
[2023.11.24-11.56.29:692][  0]LogWindows:    10. 'Parsec Virtual Display Adapter' (P:0 D:0)
[2023.11.24-11.56.29:692][  0]LogWindows:    11. 'Parsec Virtual Display Adapter' (P:0 D:0)
[2023.11.24-11.56.29:692][  0]LogWindows:    12. 'Parsec Virtual Display Adapter' (P:0 D:0)
[2023.11.24-11.56.29:692][  0]LogWindows:    13. 'Parsec Virtual Display Adapter' (P:0 D:0)
[2023.11.24-11.56.29:692][  0]LogWindows:    14. 'Parsec Virtual Display Adapter' (P:0 D:0)
[2023.11.24-11.56.29:692][  0]LogWindows:    15. 'Parsec Virtual Display Adapter' (P:0 D:0)
[2023.11.24-11.56.29:692][  0]LogWindows:    16. 'Parsec Virtual Display Adapter' (P:0 D:0)
[2023.11.24-11.56.29:692][  0]LogWindows:    17. 'Parsec Virtual Display Adapter' (P:0 D:0)
[2023.11.24-11.56.29:692][  0]LogWindows:    18. 'Parsec Virtual Display Adapter' (P:0 D:0)
[2023.11.24-11.56.29:694][  0]LogWindows:    19. 'Parsec Virtual Display Adapter' (P:0 D:0)
[2023.11.24-11.56.29:694][  0]LogWindows:    20. 'Parsec Virtual Display Adapter' (P:0 D:0)
[2023.11.24-11.56.29:694][  0]LogWindows:    21. 'Parsec Virtual Display Adapter' (P:0 D:0)
[2023.11.24-11.56.29:694][  0]LogWindows: DebugString: GetVideoDriverDetailsInvalid PrimaryIsNotTheChoosenAdapter GetVideoDriverDetailsInvalid PrimaryIsNotTheChoosenAdapter GetVideoDriverDetailsInvalid PrimaryIsNotTheChoosenAdapter GetVideoDriverDetailsInvalid PrimaryIsNotTheChoosenAdapter GetVideoDriverDetailsInvalid PrimaryIsNotTheChoosenAdapter GetVideoDriverDetailsInvalid PrimaryIsNotTheChoosenAdapter GetVideoDriverDetailsInvalid PrimaryIsNotTheChoosenAdapter GetVideoDriverDetailsInvalid PrimaryIsNotTheChoosenAdapter GetVideoDriverDetailsInvalid PrimaryIsNotTheChoosenAdapter GetVideoDriverDetailsInvalid PrimaryIsNotTheChoosenAdapter GetVideoDriverDetailsInvalid PrimaryIsNotTheChoosenAdapter GetVideoDriverDetailsInvalid PrimaryIsNotTheChoosenAdapter GetVideoDriverDetailsInvalid PrimaryIsNotTheChoosenAdapter GetVideoDriverDetailsInvalid PrimaryIsNotTheChoosenAdapter GetVideoDriverDetailsInvalid PrimaryIsNotTheChoosenAdapter GetVideoDriverDetailsInvalid PrimaryIsNotTheChoosenAdapter FoundDriverCount:6 
[2023.11.24-11.56.29:695][  0]LogD3D11RHI:     Adapter Name: AMD Radeon(TM) Graphics
[2023.11.24-11.56.29:695][  0]LogD3D11RHI:   Driver Version: Adrenalin 20.10.44 (internal:27.20.11044.7, unified:27.20.11044.7)
[2023.11.24-11.56.29:695][  0]LogD3D11RHI:      Driver Date: 9-24-2020
[2023.11.24-11.56.29:695][  0]LogRHI: Texture pool is 2690 MB (70% of 3844 MB)
[2023.11.24-11.56.29:717][  0]LogD3D11RHI: Creating D3DDevice with AMD AGS, using adapter:
[2023.11.24-11.56.29:717][  0]LogD3D11RHI:     Description : AMD Radeon(TM) Graphics
[2023.11.24-11.56.29:717][  0]LogD3D11RHI:     VendorId    : 1002
[2023.11.24-11.56.29:717][  0]LogD3D11RHI:     DeviceId    : 1636
[2023.11.24-11.56.29:717][  0]LogD3D11RHI:     SubSysId    : 19511d72
[2023.11.24-11.56.29:717][  0]LogD3D11RHI:     Revision    : 00c3
[2023.11.24-11.56.29:717][  0]LogD3D11RHI:     DedicatedVideoMemory : 520724480 bytes
[2023.11.24-11.56.29:717][  0]LogD3D11RHI:     DedicatedSystemMemory : 0 bytes
[2023.11.24-11.56.29:717][  0]LogD3D11RHI:     SharedSystemMemory : 3958009856 bytes
[2023.11.24-11.56.29:717][  0]LogD3D11RHI:     AdapterLuid : 0 62651
[2023.11.24-11.56.29:736][  0]LogD3D11RHI: Created device via AGS, feature level 11_0, supported extensions 1fffffbf.
[2023.11.24-11.56.29:736][  0]LogD3D11RHI: RHI has support for 64 bit atomics
[2023.11.24-11.56.29:736][  0]LogD3D11RHI: Async texture creation enabled
[2023.11.24-11.56.29:736][  0]LogD3D11RHI: Array index from any shader is supported
[2023.11.24-11.56.29:753][  0]LogD3D11RHI: GPU Timing Frequency: 100.000000 (Debug: 2 1)
[2023.11.24-11.56.30:138][  0]LogTargetPlatformManager: Display: Loaded TargetPlatform 'WindowsNoEditor'
[2023.11.24-11.56.30:145][  0]LogTargetPlatformManager: Display: Loaded TargetPlatform 'Windows'
[2023.11.24-11.56.30:150][  0]LogTargetPlatformManager: Display: Loaded TargetPlatform 'WindowsClient'
[2023.11.24-11.56.30:155][  0]LogTargetPlatformManager: Display: Loaded TargetPlatform 'WindowsServer'
[2023.11.24-11.56.30:155][  0]LogTargetPlatformManager: Display: Building Assets For Windows
[2023.11.24-11.56.30:164][  0]LogAudioDebug: Display: Lib vorbis DLL was dynamically loaded.
[2023.11.24-11.56.30:200][  0]LogTextureFormatOodle: Display: Oodle Texture 2.9.0 init RDO Off
[2023.11.24-11.56.30:241][  0]LogRendererCore: Ray tracing is disabled. Reason: r.RayTracing=0.
[2023.11.24-11.56.30:241][  0]LogShaderCompilers: Guid format shader working directory is -1 characters bigger than the processId version (../../../../../../Users/Вова/Desktop/BlackHole/Intermediate/Shaders/WorkingDirectory/5548/).
[2023.11.24-11.56.30:241][  0]LogShaderCompilers: Cleaned the shader compiler working directory 'C:/Users/Вова/AppData/Local/Temp/UnrealShaderWorkingDir/DA27214948911D90CF4F47B818040C68/'.
[2023.11.24-11.56.30:242][  0]LogXGEController: Cannot use XGE Controller as Incredibuild is not installed on this machine.
[2023.11.24-11.56.30:242][  0]LogShaderCompilers: Cannot use XGE Shader Compiler as Incredibuild is not installed on this machine.
[2023.11.24-11.56.30:242][  0]LogShaderCompilers: Display: Using Local Shader Compiler.
[2023.11.24-11.56.30:932][  0]LogDerivedDataCache: Display: Max Cache Size: 512 MB
[2023.11.24-11.56.30:998][  0]LogDerivedDataCache: Loaded boot cache 0.07s 103MB C:/Users/Вова/AppData/Local/UnrealEngine/4.27/DerivedDataCache/Boot.ddc.
[2023.11.24-11.56.30:998][  0]LogDerivedDataCache: Display: Loaded Boot cache: C:/Users/Вова/AppData/Local/UnrealEngine/4.27/DerivedDataCache/Boot.ddc
[2023.11.24-11.56.30:998][  0]LogDerivedDataCache: FDerivedDataBackendGraph:  Pak pak cache file ../../../../../../Users/Вова/Desktop/BlackHole/DerivedDataCache/DDC.ddp not found, will not use a pak cache.
[2023.11.24-11.56.30:998][  0]LogDerivedDataCache: Unable to find inner node Pak for hierarchical cache Hierarchy.
[2023.11.24-11.56.30:998][  0]LogDerivedDataCache: FDerivedDataBackendGraph:  CompressedPak pak cache file ../../../../../../Users/Вова/Desktop/BlackHole/DerivedDataCache/Compressed.ddp not found, will not use a pak cache.
[2023.11.24-11.56.30:998][  0]LogDerivedDataCache: Unable to find inner node CompressedPak for hierarchical cache Hierarchy.
[2023.11.24-11.56.31:019][  0]LogDerivedDataCache: Display: Pak cache opened for reading ../../../Engine/DerivedDataCache/Compressed.ddp.
[2023.11.24-11.56.31:019][  0]LogDerivedDataCache: FDerivedDataBackendGraph:  EnterprisePak pak cache file ../../../Enterprise/DerivedDataCache/Compressed.ddp not found, will not use a pak cache.
[2023.11.24-11.56.31:019][  0]LogDerivedDataCache: Unable to find inner node EnterprisePak for hierarchical cache Hierarchy.
[2023.11.24-11.56.31:031][  0]LogDerivedDataCache: Speed tests for C:/Users/Вова/AppData/Local/UnrealEngine/Common/DerivedDataCache took 0.01 seconds
[2023.11.24-11.56.31:031][  0]LogDerivedDataCache: Display: Performance to C:/Users/Вова/AppData/Local/UnrealEngine/Common/DerivedDataCache: Latency=0.02ms. RandomReadSpeed=1445.41MBs, RandomWriteSpeed=87.99MBs. Assigned SpeedClass 'Local'
[2023.11.24-11.56.31:032][  0]LogDerivedDataCache: Using Local data cache path C:/Users/Вова/AppData/Local/UnrealEngine/Common/DerivedDataCache: Writable
[2023.11.24-11.56.31:032][  0]LogDerivedDataCache: Shared data cache path not found in *engine.ini, will not use an Shared cache.
[2023.11.24-11.56.31:032][  0]LogDerivedDataCache: Unable to find inner node Shared for hierarchical cache Hierarchy.
[2023.11.24-11.56.31:067][  0]LogSlate: Using FreeType 2.10.0
[2023.11.24-11.56.31:068][  0]LogSlate: SlateFontServices - WITH_FREETYPE: 1, WITH_HARFBUZZ: 1
[2023.11.24-11.56.31:154][  0]LogInit: Using OS detected language (uk-UA).
[2023.11.24-11.56.31:154][  0]LogInit: Using OS detected locale (uk-UA).
[2023.11.24-11.56.31:154][  0]LogTextLocalizationManager: No localization for 'uk-UA' exists, so 'en' will be used for the language.
[2023.11.24-11.56.31:154][  0]LogTextLocalizationManager: No localization for 'uk-UA' exists, so 'en' will be used for the locale.
[2023.11.24-11.56.31:158][  0]LogTextLocalizationManager: Compacting localization data took   0.01ms
[2023.11.24-11.56.31:158][  0]LogAssetRegistry: FAssetRegistry took 0.0022 seconds to start up
[2023.11.24-11.56.31:353][  0]LogPackageLocalizationCache: Processed 27 localized package path(s) for 1 prioritized culture(s) in 0.001243 seconds
[2023.11.24-11.56.31:431][  0]LogInit: Selected Device Profile: [Windows]
[2023.11.24-11.56.31:431][  0]LogInit: Active device profile: [00000246815E2F00][00000246F757C980 49] Windows
[2023.11.24-11.56.31:431][  0]LogInit: Profiles: [00000246815E2F00][00000246F757C980 49] Windows, [000002468157B300][00000246F7584B00 49] WindowsNoEditor, [00000246815E1000][00000246FB2FAC80 49] WindowsServer, [000002468157B000][00000246FB2FEE00 49] WindowsClient, [00000246815E0A00][00000246FB302F80 49] IOS, [0000024681579E00][00000246FB307100 49] iPadAir, [000002468157FF00][00000246FB30B280 49] iPadAir2, [0000024681528900][00000246F7581500 49] IPadPro, [0000024681528A00][00000246FB30F540 49] iPadAir3, [00000246815E1300][00000246FB313680 49] iPadAir4, [000002468152AC00][00000246FB3177C0 49] iPadMini2, [000002468157C100][00000246FB31B900 49] iPadMini3, [00000246815E1400][00000246FB323A80 49] iPadMini4, [0000024681528600][00000246FB327C00 49] iPadMini5, [000002468157A500][00000246FB32E340 49] iPhone6, [000002468157B800][00000246FB32A380 49] iPodTouch6, [00000246815E3900][00000246FB336640 49] iPhone7, [00000246815E0700][00000246FB332680 49] iPodTouch7, [000002468157A400][00000246FB33A800 49] iPhone5S, [000002468157D800][00000246FB33E980 49] iPhone6Plus, [000002468157AA00][00000246FB342B00 49] iPhone6S, [000002468157CE00][00000246FB5B8C80 49] iPhone6SPlus, [00000246815E0C00][00000246FB5BCE00 49] iPhone7Plus, [000002468157EC00][00000246FB5C0F80 49] iPhoneSE, [00000246815E3A00][00000246FB5C5100 49] iPhone8, [000002468157F900][00000246FB5C9280 49] iPhone8Plus, [00000246815E1800][00000246FB5CD400 49] iPhoneX, [000002468157CB00][00000246FB5D1580 49] iPhoneXS, [00000246815E2B00][00000246FB31F6C0 49] iPhoneXSMax, [000002468157F200][00000246FB5D5800 49] iPhoneXR, [00000246815E1F00][00000246FB5D9940 49] iPhone11, [000002468157D700][00000246FB5DDA80 49] iPhone11Pro, [00000246815E2E00][00000246FB5E5C00 49] iPhone11ProMax, [000002468157E100][00000246FB5E8200 49] iPhoneSE2, [00000246815E3200][00000246FB5EC380 49] iPhone12Mini, [000002468157DA00][00000246FB5F0500 49] iPhone12, [00000246815E2100][00000246FB5F4680 49] iPhone12Pro, [000002468157D400][00000246FB5F8800 49] iPhone12ProMax, [00000246815E0300][00000246FB5FC980 49] iPadPro105, [000002468157C200][00000246FB600B00 49] iPadPro129, [00000246815E1D00][00000246FB604C80 49] iPadPro97, [000002468157E900][00000246FB608E00 49] iPadPro2_129, [00000246815E0D00][00000246FB60CF80 49] iPad5, [000002468157EE00][00000246FB611100 49] iPad6, [00000246815E3100][00000246FB615280 49] iPad7, [000002468157CA00][00000246FB619400 49] iPad8, [00000246815E1500][00000246FB61D580 49] iPadPro11, [000002468157FC00][00000246FB621700 49] iPadPro2_11, [00000246815E3700][00000246FB625880 49] iPadPro3_129, [000002468157EB00][00000246FB5E19C0 49] iPadPro4_129, [00000246815E1700][00000246FB629B00 49] AppleTV, [000002468157E700][00000246FB62C0C0 49] AppleTV4K, [00000246815E3400][00000246FB634240 49] TVOS, [000002468157D500][00000246FB6383C0 49] Mac, [00000246815E0600][00000246FB63C540 49] MacClient, [000002468157DB00][00000246FB6406C0 49] MacNoEditor, [00000246815E3600][00000246FB644840 49] MacServer, [000002468157E400][00000246FB6489C0 49] Linux, [00000246815E0F00][00000246FB64CB40 49] LinuxAArch64, [000002468157F300][00000246FB650CC0 49] LinuxNoEditor, [00000246815E2700][00000246FB654E40 49] LinuxAArch64NoEditor, [000002468157C600][00000246FB658FC0 49] LinuxClient, [00000246815E0E00][00000246FB65D140 49] LinuxAArch64Client, [000002468157D300][00000246FB6612C0 49] LinuxServer, [00000246815E2500][00000246FB665440 49] LinuxAArch64Server, [0000024681528B00][00000246FB6695C0 49] Android, [000002468157A200][00000246FB66D740 49] Android_Low, [000002468152B200][00000246FB01F8C0 49] Android_Mid, [000002468157B700][00000246FB023A40 49] Android_High, [000002468152B600][00000246FB631B80 49] Android_Default, [0000024681579A00][00000246FB026140 49] Android_Adreno4xx, [000002468152BE00][00000246FB02A280 49] Android_Adreno5xx_Low, [000002468157AF00][00000246FB02E3C0 49] Android_Adreno5xx, [000002468152B400][00000246FB036540 49] Android_Adreno6xx, [0000024681579500][00000246FB03A6C0 49] Android_Adreno6xx_Vulkan, [000002468152A900][00000246FB03E840 49] Android_Mali_T6xx, [0000024681578700][00000246FB0429C0 49] Android_Mali_T7xx, [0000024681529400][00000246FB046B40 49] Android_Mali_T8xx, [0000024681578F00][00000246FB04ACC0 49] Android_Mali_G71, [0000024681528400][00000246FB04EE40 49] Android_Mali_G72, [0000024681579300][00000246FB052FC0 49] Android_Mali_G72_Vulkan, [000002468152B700][00000246FB057140 49] Android_Mali_G76, [0000024681579B00][00000246FB05B2C0 49] Android_Mali_G76_Vulkan, [000002468152AE00][00000246FB05F440 49] Android_Mali_G77, [000002468157A900][00000246FB0635C0 49] Android_Mali_G77_Vulkan, [0000024681529700][00000246FB067740 49] Android_Mali_G78, [0000024681578300][00000246FB06B8C0 49] Android_Mali_G78_Vulkan, [0000024681529800][00000246FB06FA40 49] Android_Mali_G710, [000002468157B100][00000246FB073BC0 49] Android_Mali_G710_Vulkan, [000002468152BC00][00000246FB032180 49] Android_Vulkan_SM5, [000002468157BE00][00000246FB0762C0 49] Android_PowerVR_G6xxx, [000002468152AB00][00000246FB07A400 49] Android_PowerVR_GT7xxx, [0000024681579C00][00000246FB07E540 49] Android_PowerVR_GE8xxx, [0000024681529100][00000246FB0866C0 49] Android_PowerVR_GM9xxx, [000002468157A100][00000246FB08A840 49] Android_PowerVR_GM9xxx_Vulkan, [0000024681529000][00000246FB08E9C0 49] Android_TegraK1, [0000024681579000][00000246FB092B40 49] Android_Unknown_Vulkan, [0000024681529D00][00000246FB096CC0 49] Lumin, [000002468157B200][00000246FB09AE40 49] Lumin_Desktop, [00000246815E1C00][00000246FB09EFC0 49] HoloLens, 
[2023.11.24-11.56.31:483][  0]LogMeshReduction: Using QuadricMeshReduction for automatic static mesh reduction
[2023.11.24-11.56.31:483][  0]LogMeshReduction: Using SimplygonMeshReduction for automatic skeletal mesh reduction
[2023.11.24-11.56.31:483][  0]LogMeshReduction: Using ProxyLODMeshReduction for automatic mesh merging
[2023.11.24-11.56.31:483][  0]LogMeshReduction: No distributed automatic mesh merging module available
[2023.11.24-11.56.31:483][  0]LogMeshMerging: No distributed automatic mesh merging module available
[2023.11.24-11.56.31:578][  0]LogNetVersion: BlackHole 1.0.0, NetCL: 17155196, EngineNetVer: 17, GameNetVer: 0 (Checksum: 1189277789)
[2023.11.24-11.56.31:828][  0]LogTexture: Default maximum texture size for cubemaps generated from long-lat sources has been changed from 512 to unlimited. In order to preserve old behaiour for '/Engine/MapTemplates/Sky/DaylightAmbientCubemap.DaylightAmbientCubemap', its maximum texture size has been explicitly set to 512.
[2023.11.24-11.56.31:900][  0]LogHMD: PokeAHoleMaterial loaded successfully
[2023.11.24-11.56.32:206][  0]LogMoviePlayer: Initializing movie player
[2023.11.24-11.56.32:406][  0]LogPython: Using Python 3.7.7
[2023.11.24-11.56.33:017][  0]LogNiagaraDebuggerClient: Niagara Debugger Client Initialized | Session: 0C3C20E64B2639836485019ABE259D2A | Instance: C92C349544E0D64D1C85EAA23A21F2BA (REDMIBOOK-5548).
[2023.11.24-11.56.33:092][  0]LogCollectionManager: Loaded 0 collections in 0.003094 seconds
[2023.11.24-11.56.33:097][  0]LogFileCache: Scanning file cache for directory 'C:/Users/Вова/Desktop/BlackHole/Saved/Collections/' took 0.00s
[2023.11.24-11.56.33:097][  0]LogFileCache: Scanning file cache for directory 'C:/Users/Вова/Desktop/BlackHole/Content/Developers/Вова/Collections/' took 0.00s
[2023.11.24-11.56.33:097][  0]LogFileCache: Scanning file cache for directory 'C:/Users/Вова/Desktop/BlackHole/Content/Collections/' took 0.00s
[2023.11.24-11.56.33:097][  0]LogCollectionManager: Fixed up redirectors for 0 collections in 0.000002 seconds (updated 0 objects)
[2023.11.24-11.56.33:339][  0]LogTcpMessaging: Initializing TcpMessaging bridge
[2023.11.24-11.56.33:349][  0]LogUdpMessaging: Initializing bridge on interface 0.0.0.0:0 to multicast group 230.0.0.1:6666.
[2023.11.24-11.56.33:528][  0]LogUObjectGlobals: Warning: [AssetLog] C:\Users\Вова\Desktop\BlackHole\Content\Mannequin\Character\Mesh\SK_Mannequin.uasset: Failed to load '/Game/source/Jack_Of_Blades_fbm/Jack_Of_Blades_TORSO_BaseColor': Can't find file.
[2023.11.24-11.56.33:785][  0]SourceControl: Source control is disabled
[2023.11.24-11.56.33:785][  0]SourceControl: Source control is disabled
[2023.11.24-11.56.33:796][  0]SourceControl: Source control is disabled
[2023.11.24-11.56.33:970][  0]LogOpenImageDenoise: OIDN starting up
[2023.11.24-11.56.33:984][  0]LogUProjectInfo: Found projects:
[2023.11.24-11.56.34:054][  0]LogAndroidPermission: UAndroidPermissionCallbackProxy::GetInstance
[2023.11.24-11.56.34:083][  0]LogAudioCaptureCore: Display: No Audio Capture implementations found. Audio input will be silent.
[2023.11.24-11.56.34:083][  0]LogAudioCaptureCore: Display: No Audio Capture implementations found. Audio input will be silent.
[2023.11.24-11.56.34:261][  0]LogOcInput: OculusInput pre-init called
[2023.11.24-11.56.34:278][  0]LogUObjectArray: 23123 objects as part of root set at end of initial load.
[2023.11.24-11.56.34:278][  0]LogUObjectAllocator: 6419888 out of 0 bytes used by permanent object pool.
[2023.11.24-11.56.34:278][  0]LogUObjectArray: CloseDisregardForGC: 0/0 objects in disregard for GC pool
[2023.11.24-11.56.34:407][  0]LogEngine: Initializing Engine...
[2023.11.24-11.56.34:421][  0]LogHMD: Failed to enumerate extensions. Please check that you have a valid OpenXR runtime installed.
[2023.11.24-11.56.34:421][  0]LogHMD: Failed to initialize OpenVR with code 110
[2023.11.24-11.56.34:421][  0]LogMagicLeap: Warning: VR disabled because ZI is not enabled.  To enable, in the editor, Edit -> Project Settings -> Plugins -> Magic Leap Plugin -> Enable Zero Iteration
[2023.11.24-11.56.34:426][  0]LogStats: UGameplayTagsManager::InitializeManager -  0.001 s
[2023.11.24-11.56.34:678][  0]LogInit: Initializing FReadOnlyCVARCache
[2023.11.24-11.56.34:678][  0]LogAudio: Display: Initializing Audio Device Manager...
[2023.11.24-11.56.34:691][  0]LogAudio: Display: Loading Default Audio Settings Objects...
[2023.11.24-11.56.34:693][  0]LogAudio: Display: No default SoundConcurrencyObject specified (or failed to load).
[2023.11.24-11.56.34:698][  0]LogAudio: Display: Audio Device Manager Initialized
[2023.11.24-11.56.34:699][  0]LogAudio: Display: Creating Audio Device:                 Id: 1, Scope: Shared, Realtime: True
[2023.11.24-11.56.34:699][  0]LogAudioMixer: Display: Audio Mixer Platform Settings:
[2023.11.24-11.56.34:699][  0]LogAudioMixer: Display: 	Sample Rate:						  48000
[2023.11.24-11.56.34:699][  0]LogAudioMixer: Display: 	Callback Buffer Frame Size Requested: 1024
[2023.11.24-11.56.34:699][  0]LogAudioMixer: Display: 	Callback Buffer Frame Size To Use:	  1024
[2023.11.24-11.56.34:699][  0]LogAudioMixer: Display: 	Number of buffers to queue:			  2
[2023.11.24-11.56.34:699][  0]LogAudioMixer: Display: 	Max Channels (voices):				  32
[2023.11.24-11.56.34:699][  0]LogAudioMixer: Display: 	Number of Async Source Workers:		  0
[2023.11.24-11.56.34:699][  0]LogAudio: Display: AudioDevice MaxSources: 32
[2023.11.24-11.56.34:701][  0]LogAudio: Display: Audio Spatialization Plugin: None (built-in).
[2023.11.24-11.56.34:701][  0]LogAudio: Display: Audio Reverb Plugin: None (built-in).
[2023.11.24-11.56.34:701][  0]LogAudio: Display: Audio Occlusion Plugin: None (built-in).
[2023.11.24-11.56.34:701][  0]LogAudioMixer: Display: Initializing audio mixer.
[2023.11.24-11.56.34:730][  0]LogAudioMixer: Display: 0: FrontLeft
[2023.11.24-11.56.34:730][  0]LogAudioMixer: Display: 1: FrontRight
[2023.11.24-11.56.34:754][  0]LogAudioMixer: Display: Using Audio Device Headphones (High Definition Audio Device)
[2023.11.24-11.56.34:761][  0]LogAudioMixer: Display: Initializing Sound Submixes...
[2023.11.24-11.56.34:765][  0]LogAudioMixer: Display: Creating Master Submix 'MasterSubmixDefault'
[2023.11.24-11.56.34:765][  0]LogAudioMixer: Display: Creating Master Submix 'MasterReverbSubmixDefault'
[2023.11.24-11.56.34:767][  0]LogAudioMixer: Display: Creating Master Submix 'MasterEQSubmixDefault'
[2023.11.24-11.56.34:767][  0]LogAudioMixer: FMixerPlatformXAudio2::StartAudioStream() called
[2023.11.24-11.56.34:767][  0]LogAudioMixer: Display: Output buffers initialized: Frames=1024, Channels=2, Samples=2048
[2023.11.24-11.56.34:768][  0]LogAudioMixer: Display: Starting AudioMixerPlatformInterface::RunInternal()
[2023.11.24-11.56.34:768][  0]LogAudioMixer: Display: FMixerPlatformXAudio2::SubmitBuffer() called for the first time
[2023.11.24-11.56.34:768][  0]LogInit: FAudioDevice initialized.
[2023.11.24-11.56.34:770][  0]LogNetVersion: Set ProjectVersion to 1.0.0.0. Version Checksum will be recalculated on next use.
[2023.11.24-11.56.34:772][  0]LogInit: Texture streaming: Enabled
[2023.11.24-11.56.34:918][  0]LogAudio: Display: Audio Device (ID: 1) registered with world 'Untitled'.
[2023.11.24-11.56.34:921][  0]LogSlate: Updating window title bar state: overlay mode, drag disabled, window buttons hidden, title bar hidden
[2023.11.24-11.56.34:923][  0]LogInit: Display: Game Engine Initialized.
[2023.11.24-11.56.34:923][  0]LogNiagaraEditor: GEditor isn't valid! Particle reset commands will not work for Niagara components!
[2023.11.24-11.56.35:136][  0]LogInit: Display: Starting Game.
[2023.11.24-11.56.35:136][  0]LogNet: Browse: /Game/Maps/MainMenuMap?Name=Player
[2023.11.24-11.56.35:136][  0]LogLoad: LoadMap: /Game/Maps/MainMenuMap?Name=Player
[2023.11.24-11.56.35:136][  0]LogWorld: BeginTearingDown for /Temp/Untitled_0
[2023.11.24-11.56.35:138][  0]LogWorld: UWorld::CleanupWorld for Untitled, bSessionEnded=true, bCleanupResources=true
[2023.11.24-11.56.35:138][  0]LogSlate: InvalidateAllWidgets triggered.  All widgets were invalidated
[2023.11.24-11.56.35:143][  0]LogAudio: Display: Audio Device unregistered from world 'None'.
[2023.11.24-11.56.35:148][  0]LogUObjectHash: Compacting FUObjectHashTables data took   1.09ms
[2023.11.24-11.56.35:186][  0]LogAudio: Display: Audio Device (ID: 1) registered with world 'MainMenuMap'.
[2023.11.24-11.56.35:207][  0]LogAIModule: Creating AISystem for world MainMenuMap
[2023.11.24-11.56.35:216][  0]LogLoad: Game class is 'BP_SideRunner_GameMode_C'
[2023.11.24-11.56.35:217][  0]LogWorld: Bringing World /Game/Maps/MainMenuMap.MainMenuMap up for play (max tick rate 0) at 2023.11.24-13.56.35
[2023.11.24-11.56.35:218][  0]LogWorld: Bringing up level for play took: 0.000703
[2023.11.24-11.56.35:218][  0]LogGameMode: FindPlayerStart: PATHS NOT DEFINED or NO PLAYERSTART with positive rating
[2023.11.24-11.56.35:220][  0]LogGameMode: Display: Match State Changed from EnteringMap to WaitingToStart
[2023.11.24-11.56.35:220][  0]LogGameState: Match State Changed from EnteringMap to WaitingToStart
[2023.11.24-11.56.35:220][  0]LogGameMode: Display: Match State Changed from WaitingToStart to InProgress
[2023.11.24-11.56.35:237][  0]PIE: Error: SetInputMode_UIOnly expects a valid player controller as 'PlayerController' target
[2023.11.24-11.56.35:237][  0]LogScript: Warning: Accessed None trying to read property CallFunc_GetPlayerController_ReturnValue
	MainMenuMap_C /Game/Maps/MainMenuMap.MainMenuMap:PersistentLevel.MainMenuMap_C_5
	Function /Game/Maps/MainMenuMap.MainMenuMap_C:ExecuteUbergraph_MainMenuMap:002F
[2023.11.24-11.56.35:237][  0]LogScript: Warning: Script call stack:
	Function /Game/Maps/MainMenuMap.MainMenuMap_C:ReceiveBeginPlay
	Function /Game/Maps/MainMenuMap.MainMenuMap_C:ExecuteUbergraph_MainMenuMap

[2023.11.24-11.56.35:238][  0]LogGameState: Match State Changed from WaitingToStart to InProgress
[2023.11.24-11.56.35:238][  0]LogLoad: Took 0.101717 seconds to LoadMap(/Game/Maps/MainMenuMap)
[2023.11.24-11.56.35:272][  0]LogSlate: Took 0.001882 seconds to synchronously load lazily loaded font '../../../Engine/Content/Slate/Fonts/Roboto-Regular.ttf' (155K)
[2023.11.24-11.56.35:313][  0]LogRenderer: Reallocating scene render targets to support 1292x760 Format 10 NumSamples 1 (Frame:1).
[2023.11.24-11.56.35:313][  0]LogInit: Display: Engine is initialized. Leaving FEngineLoop::Init()
[2023.11.24-11.56.35:313][  0]LogLoad: (Engine Initialization) Total time: 8.42 seconds
[2023.11.24-11.56.35:313][  0]LogLoad: (Engine Initialization) Total Blueprint compile time: 0.00 seconds
[2023.11.24-11.56.35:328][  0]LogContentStreaming: Texture pool size now 1000 MB
[2023.11.24-11.56.50:631][177]LogRenderer: Reallocating scene render targets to support 1344x784 Format 10 NumSamples 1 (Frame:1179).
